[2026-04-14T18:42:42.078Z] {"timestamp":1776192159997,"level":"DEBUG","args":["[Manus] Debug collector initialized (no rrweb, UI events only)"],"stack":null}
[2026-04-14T18:42:42.078Z] {"timestamp":1776192160244,"level":"DEBUG","args":["[vite] connected."],"stack":null}
[2026-04-14T18:42:42.078Z] {"timestamp":1776192160368,"level":"INFO","args":["%cDownload the React DevTools for a better development experience: https://react.dev/link/react-devtools","font-weight:bold"],"stack":null}
[2026-04-14T18:43:29.849Z] {"timestamp":1776192207844,"level":"DEBUG","args":["[Manus] Debug collector initialized (no rrweb, UI events only)"],"stack":null}
[2026-04-14T18:43:29.849Z] {"timestamp":1776192207865,"level":"DEBUG","args":["[vite] connected."],"stack":null}
[2026-04-14T18:43:29.849Z] {"timestamp":1776192208021,"level":"INFO","args":["%cDownload the React DevTools for a better development experience: https://react.dev/link/react-devtools","font-weight:bold"],"stack":null}
[2026-04-14T18:43:35.048Z] {"timestamp":1776192212345,"level":"DEBUG","args":["[Manus] Debug collector initialized (no rrweb, UI events only)"],"stack":null}
[2026-04-14T18:43:35.048Z] {"timestamp":1776192212609,"level":"DEBUG","args":["[vite] connected."],"stack":null}
[2026-04-14T18:43:39.071Z] {"timestamp":1776192215910,"level":"DEBUG","args":["[Manus] Debug collector initialized (no rrweb, UI events only)"],"stack":null}
[2026-04-14T18:43:39.071Z] {"timestamp":1776192216163,"level":"DEBUG","args":["[vite] connected."],"stack":null}
[2026-04-14T18:54:14.982Z] {"timestamp":1776192853307,"level":"DEBUG","args":["[vite]","hot updated: /src/index.css"],"stack":null}
[2026-04-14T18:54:14.982Z] {"timestamp":1776192853307,"level":"DEBUG","args":["[vite]","hot updated: /src/pages/About.tsx"],"stack":null}
[2026-04-14T18:54:14.982Z] {"timestamp":1776192853307,"level":"DEBUG","args":["[vite]","hot updated: /src/pages/Services.tsx"],"stack":null}
[2026-04-14T18:54:14.982Z] {"timestamp":1776192853307,"level":"DEBUG","args":["[vite]","hot updated: /src/pages/Home.tsx"],"stack":null}
[2026-04-14T18:54:14.982Z] {"timestamp":1776192853307,"level":"DEBUG","args":["[vite]","hot updated: /src/pages/Testimonials.tsx"],"stack":null}
[2026-04-14T18:54:14.982Z] {"timestamp":1776192853307,"level":"DEBUG","args":["[vite]","hot updated: /src/pages/Projects.tsx"],"stack":null}
[2026-04-14T18:54:15.060Z] {"timestamp":1776192853307,"level":"DEBUG","args":["[vite]","hot updated: /src/index.css"],"stack":null}
[2026-04-14T18:54:15.061Z] {"timestamp":1776192853307,"level":"DEBUG","args":["[vite]","hot updated: /src/pages/About.tsx"],"stack":null}
[2026-04-14T18:54:15.061Z] {"timestamp":1776192853307,"level":"DEBUG","args":["[vite]","hot updated: /src/pages/Services.tsx"],"stack":null}
[2026-04-14T18:54:15.061Z] {"timestamp":1776192853307,"level":"DEBUG","args":["[vite]","hot updated: /src/pages/Home.tsx"],"stack":null}
[2026-04-14T18:54:15.061Z] {"timestamp":1776192853307,"level":"DEBUG","args":["[vite]","hot updated: /src/pages/Testimonials.tsx"],"stack":null}
[2026-04-14T18:54:15.061Z] {"timestamp":1776192853307,"level":"DEBUG","args":["[vite]","hot updated: /src/pages/Projects.tsx"],"stack":null}
[2026-04-14T18:54:16.009Z] {"timestamp":1776192854834,"level":"DEBUG","args":["[vite]","hot updated: /src/index.css"],"stack":null}
[2026-04-14T18:54:16.009Z] {"timestamp":1776192854834,"level":"DEBUG","args":["[vite]","hot updated: /src/pages/About.tsx"],"stack":null}
[2026-04-14T18:54:16.009Z] {"timestamp":1776192854836,"level":"DEBUG","args":["[vite]","hot updated: /src/pages/Services.tsx"],"stack":null}
[2026-04-14T18:54:16.009Z] {"timestamp":1776192854837,"level":"DEBUG","args":["[vite]","hot updated: /src/pages/Home.tsx"],"stack":null}
[2026-04-14T18:54:16.009Z] {"timestamp":1776192854838,"level":"DEBUG","args":["[vite]","hot updated: /src/pages/Testimonials.tsx"],"stack":null}
[2026-04-14T18:54:16.009Z] {"timestamp":1776192854839,"level":"DEBUG","args":["[vite]","hot updated: /src/pages/Projects.tsx"],"stack":null}
[2026-04-14T18:54:19.125Z] {"timestamp":1776192856004,"level":"DEBUG","args":["[Manus] Debug collector initialized (no rrweb, UI events only)"],"stack":null}
[2026-04-14T18:54:19.125Z] {"timestamp":1776192856318,"level":"DEBUG","args":["[vite] connected."],"stack":null}
[2026-04-14T18:54:41.058Z] {"timestamp":1776192880026,"level":"DEBUG","args":["[vite]","hot updated: /src/pages/Projects.tsx"],"stack":null}
[2026-04-14T18:54:41.058Z] {"timestamp":1776192880026,"level":"DEBUG","args":["[vite]","hot updated: /src/index.css"],"stack":null}
[2026-04-14T18:54:42.008Z] {"timestamp":1776192880519,"level":"DEBUG","args":["[vite]","hot updated: /src/pages/Projects.tsx"],"stack":null}
[2026-04-14T18:54:42.008Z] {"timestamp":1776192880520,"level":"DEBUG","args":["[vite]","hot updated: /src/index.css"],"stack":null}
[2026-04-14T18:54:46.069Z] {"timestamp":1776192883155,"level":"DEBUG","args":["[Manus] Debug collector initialized (no rrweb, UI events only)"],"stack":null}
[2026-04-14T18:54:46.069Z] {"timestamp":1776192883479,"level":"DEBUG","args":["[vite] connected."],"stack":null}
[2026-04-14T18:54:53.236Z] {"timestamp":1776192890947,"level":"DEBUG","args":["[Manus] Debug collector initialized (no rrweb, UI events only)"],"stack":null}
[2026-04-14T18:54:53.236Z] {"timestamp":1776192890967,"level":"DEBUG","args":["[vite] connected."],"stack":null}
[2026-04-14T18:54:53.236Z] {"timestamp":1776192891153,"level":"INFO","args":["%cDownload the React DevTools for a better development experience: https://react.dev/link/react-devtools","font-weight:bold"],"stack":null}
[2026-04-14T18:55:35.665Z] {"timestamp":1776192933660,"level":"DEBUG","args":["[Manus] Debug collector initialized (no rrweb, UI events only)"],"stack":null}
[2026-04-14T18:55:35.665Z] {"timestamp":1776192933670,"level":"DEBUG","args":["[vite] connected."],"stack":null}
[2026-04-14T18:55:35.665Z] {"timestamp":1776192933827,"level":"INFO","args":["%cDownload the React DevTools for a better development experience: https://react.dev/link/react-devtools","font-weight:bold"],"stack":null}
[2026-04-14T18:58:40.965Z] {"timestamp":1776193120173,"level":"DEBUG","args":["[vite]","hot updated: /src/pages/Projects.tsx"],"stack":null}
[2026-04-14T18:58:40.965Z] {"timestamp":1776193120174,"level":"DEBUG","args":["[vite]","hot updated: /src/index.css"],"stack":null}
[2026-04-14T18:58:41.071Z] {"timestamp":1776193119704,"level":"DEBUG","args":["[vite]","hot updated: /src/pages/Projects.tsx"],"stack":null}
[2026-04-14T18:58:41.072Z] {"timestamp":1776193119704,"level":"DEBUG","args":["[vite]","hot updated: /src/index.css"],"stack":null}
[2026-04-14T18:58:45.063Z] {"timestamp":1776193122156,"level":"DEBUG","args":["[Manus] Debug collector initialized (no rrweb, UI events only)"],"stack":null}
[2026-04-14T18:58:45.063Z] {"timestamp":1776193122408,"level":"DEBUG","args":["[vite] connected."],"stack":null}
[2026-04-14T18:58:50.699Z] {"timestamp":1776193128428,"level":"DEBUG","args":["[Manus] Debug collector initialized (no rrweb, UI events only)"],"stack":null}
[2026-04-14T18:58:50.699Z] {"timestamp":1776193128463,"level":"DEBUG","args":["[vite] connected."],"stack":null}
[2026-04-14T18:58:50.699Z] {"timestamp":1776193128630,"level":"INFO","args":["%cDownload the React DevTools for a better development experience: https://react.dev/link/react-devtools","font-weight:bold"],"stack":null}
[2026-04-14T18:59:17.150Z] {"timestamp":1776193155146,"level":"DEBUG","args":["[Manus] Debug collector initialized (no rrweb, UI events only)"],"stack":null}
[2026-04-14T18:59:17.150Z] {"timestamp":1776193155161,"level":"DEBUG","args":["[vite] connected."],"stack":null}
[2026-04-14T18:59:17.150Z] {"timestamp":1776193155305,"level":"INFO","args":["%cDownload the React DevTools for a better development experience: https://react.dev/link/react-devtools","font-weight:bold"],"stack":null}
[2026-04-14T19:15:48.443Z] {"timestamp":1776194147867,"level":"DEBUG","args":["[vite]","hot updated: /src/pages/Services.tsx"],"stack":null}
[2026-04-14T19:15:48.443Z] {"timestamp":1776194147867,"level":"DEBUG","args":["[vite]","hot updated: /src/index.css"],"stack":null}
[2026-04-14T19:15:48.684Z] {"timestamp":1776194147794,"level":"DEBUG","args":["[vite]","hot updated: /src/pages/Services.tsx"],"stack":null}
[2026-04-14T19:15:48.684Z] {"timestamp":1776194147794,"level":"DEBUG","args":["[vite]","hot updated: /src/index.css"],"stack":null}
[2026-04-14T19:15:53.094Z] {"timestamp":1776194149968,"level":"DEBUG","args":["[Manus] Debug collector initialized (no rrweb, UI events only)"],"stack":null}
[2026-04-14T19:15:53.094Z] {"timestamp":1776194150224,"level":"DEBUG","args":["[vite] connected."],"stack":null}
[2026-04-14T19:16:37.078Z] {"timestamp":1776194196354,"level":"DEBUG","args":["[vite]","hot updated: /src/pages/Home.tsx"],"stack":null}
[2026-04-14T19:16:37.078Z] {"timestamp":1776194196354,"level":"DEBUG","args":["[vite]","hot updated: /src/index.css"],"stack":null}
[2026-04-14T19:16:38.439Z] {"timestamp":1776194196937,"level":"DEBUG","args":["[vite]","hot updated: /src/pages/Home.tsx"],"stack":null}
[2026-04-14T19:16:38.439Z] {"timestamp":1776194196938,"level":"DEBUG","args":["[vite]","hot updated: /src/index.css"],"stack":null}
[2026-04-14T19:16:42.087Z] {"timestamp":1776194198746,"level":"DEBUG","args":["[Manus] Debug collector initialized (no rrweb, UI events only)"],"stack":null}
[2026-04-14T19:16:42.087Z] {"timestamp":1776194199007,"level":"DEBUG","args":["[vite] connected."],"stack":null}
[2026-04-14T19:16:47.404Z] {"timestamp":1776194204547,"level":"DEBUG","args":["[Manus] Debug collector initialized (no rrweb, UI events only)"],"stack":null}
[2026-04-14T19:16:47.405Z] {"timestamp":1776194204568,"level":"DEBUG","args":["[vite] connected."],"stack":null}
[2026-04-14T19:16:47.405Z] {"timestamp":1776194204743,"level":"INFO","args":["%cDownload the React DevTools for a better development experience: https://react.dev/link/react-devtools","font-weight:bold"],"stack":null}
[2026-04-14T19:17:04.835Z] {"timestamp":1776194222679,"level":"DEBUG","args":["[Manus] Debug collector initialized (no rrweb, UI events only)"],"stack":null}
[2026-04-14T19:17:04.835Z] {"timestamp":1776194222697,"level":"DEBUG","args":["[vite] connected."],"stack":null}
[2026-04-14T19:17:04.835Z] {"timestamp":1776194222925,"level":"INFO","args":["%cDownload the React DevTools for a better development experience: https://react.dev/link/react-devtools","font-weight:bold"],"stack":null}
[2026-04-14T19:17:26.684Z] {"timestamp":1776194244679,"level":"DEBUG","args":["[Manus] Debug collector initialized (no rrweb, UI events only)"],"stack":null}
[2026-04-14T19:17:26.684Z] {"timestamp":1776194244691,"level":"DEBUG","args":["[vite] connected."],"stack":null}
[2026-04-14T19:17:26.684Z] {"timestamp":1776194244875,"level":"INFO","args":["%cDownload the React DevTools for a better development experience: https://react.dev/link/react-devtools","font-weight:bold"],"stack":null}
[2026-04-14T19:54:16.912Z] {"timestamp":1776196456412,"level":"DEBUG","args":["[vite]","hot updated: /src/pages/About.tsx"],"stack":null}
[2026-04-14T19:54:16.912Z] {"timestamp":1776196456412,"level":"DEBUG","args":["[vite]","hot updated: /src/index.css"],"stack":null}
[2026-04-14T19:54:23.117Z] {"timestamp":1776196459974,"level":"DEBUG","args":["[Manus] Debug collector initialized (no rrweb, UI events only)"],"stack":null}
[2026-04-14T19:54:23.117Z] {"timestamp":1776196460229,"level":"DEBUG","args":["[vite] connected."],"stack":null}
[2026-04-14T19:54:27.559Z] {"timestamp":1776196465424,"level":"DEBUG","args":["[Manus] Debug collector initialized (no rrweb, UI events only)"],"stack":null}
[2026-04-14T19:54:27.559Z] {"timestamp":1776196465440,"level":"DEBUG","args":["[vite] connected."],"stack":null}
[2026-04-14T19:54:27.559Z] {"timestamp":1776196465643,"level":"INFO","args":["%cDownload the React DevTools for a better development experience: https://react.dev/link/react-devtools","font-weight:bold"],"stack":null}
[2026-04-14T19:55:39.195Z] {"timestamp":1776196537189,"level":"DEBUG","args":["[Manus] Debug collector initialized (no rrweb, UI events only)"],"stack":null}
[2026-04-14T19:55:39.195Z] {"timestamp":1776196537206,"level":"DEBUG","args":["[vite] connected."],"stack":null}
[2026-04-14T19:55:39.195Z] {"timestamp":1776196537354,"level":"INFO","args":["%cDownload the React DevTools for a better development experience: https://react.dev/link/react-devtools","font-weight:bold"],"stack":null}
[2026-04-14T19:56:47.826Z] {"timestamp":1776196605209,"level":"DEBUG","args":["[Manus] Debug collector initialized (no rrweb, UI events only)"],"stack":null}
[2026-04-14T19:56:47.826Z] {"timestamp":1776196605442,"level":"DEBUG","args":["[vite] connected."],"stack":null}
[2026-04-14T19:56:47.826Z] {"timestamp":1776196605521,"level":"INFO","args":["%cDownload the React DevTools for a better development experience: https://react.dev/link/react-devtools","font-weight:bold"],"stack":null}
[2026-04-14T20:19:05.159Z] {"timestamp":1776197942515,"level":"DEBUG","args":["[Manus] Debug collector initialized (no rrweb, UI events only)"],"stack":null}
[2026-04-14T20:19:05.159Z] {"timestamp":1776197942752,"level":"DEBUG","args":["[vite] connected."],"stack":null}
[2026-04-14T20:19:05.159Z] {"timestamp":1776197942947,"level":"INFO","args":["%cDownload the React DevTools for a better development experience: https://react.dev/link/react-devtools","font-weight:bold"],"stack":null}
[2026-04-14T20:49:03.111Z] {"timestamp":1776199740936,"level":"DEBUG","args":["[Manus] Debug collector initialized (no rrweb, UI events only)"],"stack":null}
[2026-04-14T20:49:03.111Z] {"timestamp":1776199741249,"level":"DEBUG","args":["[vite] connected."],"stack":null}
[2026-04-14T20:50:43.469Z] {"timestamp":1776199841381,"level":"DEBUG","args":["[Manus] Debug collector initialized (no rrweb, UI events only)"],"stack":null}
[2026-04-14T20:50:43.469Z] {"timestamp":1776199842115,"level":"DEBUG","args":["[vite] connected."],"stack":null}
[2026-04-14T20:59:09.986Z] {"timestamp":1776200348573,"level":"WARN","args":["Google Maps JavaScript API has been loaded directly without loading=async. This can result in suboptimal performance. For best-practice loading patterns please see https://goo.gle/js-api-loading"],"stack":null}
[2026-04-14T21:01:44.681Z] {"timestamp":1776200504391,"level":"WARN","args":["Element with name \"gmp-internal-loading-text\" already defined."],"stack":null}
[2026-04-14T21:01:44.681Z] {"timestamp":1776200504391,"level":"WARN","args":["Element with name \"gmp-internal-request-error-text\" already defined."],"stack":null}
[2026-04-14T21:01:44.681Z] {"timestamp":1776200504393,"level":"WARN","args":["Element with name \"gmp-internal-back-button\" already defined."],"stack":null}
[2026-04-14T21:01:44.681Z] {"timestamp":1776200504393,"level":"WARN","args":["Element with name \"gmp-internal-dialog\" already defined."],"stack":null}
[2026-04-14T21:01:44.681Z] {"timestamp":1776200504393,"level":"WARN","args":["Element with name \"gmp-internal-disclosure\" already defined."],"stack":null}
[2026-04-14T21:01:44.681Z] {"timestamp":1776200504393,"level":"WARN","args":["Element with name \"gmp-internal-disclosure-section\" already defined."],"stack":null}
[2026-04-14T21:01:44.681Z] {"timestamp":1776200504393,"level":"WARN","args":["Element with name \"gmp-internal-attribution\" already defined."],"stack":null}
[2026-04-14T21:01:44.681Z] {"timestamp":1776200504394,"level":"WARN","args":["Element with name \"gmp-internal-element-support-verification\" already defined."],"stack":null}
[2026-04-14T21:01:44.681Z] {"timestamp":1776200504394,"level":"ERROR","args":["You have included the Google Maps JavaScript API multiple times on this page. This may cause unexpected errors."],"stack":"@https://3000-imwsmv3luhulgf2k02boq-64a7eec4.us2.manus.computer/__manus__/debug-collector.js:391:46\nCea@https://forge.manus.ai/v1/maps/proxy/maps/api/js:2158:278\n@https://forge.manus.ai/v1/maps/proxy/maps/api/js:2151:84\nKea@https://forge.manus.ai/v1/maps/proxy/maps/api/js:2151:379\n@https://forge.manus.ai/v1/maps/proxy/maps/api/js:14:12\n@https://forge.manus.ai/v1/maps/proxy/maps/api/js:2457:271\nglobal code@https://forge.manus.ai/v1/maps/proxy/maps/api/js:2457:284"}
[2026-04-14T21:01:44.681Z] {"timestamp":1776200504396,"level":"WARN","args":["Google Maps JavaScript API has been loaded directly without loading=async. This can result in suboptimal performance. For best-practice loading patterns please see https://goo.gle/js-api-loading"],"stack":null}
[2026-04-14T21:01:44.681Z] {"timestamp":1776200504405,"level":"WARN","args":["Element with name \"gmp-pin\" already defined."],"stack":null}
[2026-04-14T21:01:44.681Z] {"timestamp":1776200504415,"level":"WARN","args":["Element with name \"gmp-internal-rating\" already defined."],"stack":null}
[2026-04-14T21:01:44.681Z] {"timestamp":1776200504415,"level":"WARN","args":["Element with name \"gmp-place-all-content\" already defined."],"stack":null}
[2026-04-14T21:01:44.681Z] {"timestamp":1776200504415,"level":"WARN","args":["Element with name \"gmp-internal-link-button\" already defined."],"stack":null}
[2026-04-14T21:01:44.681Z] {"timestamp":1776200504415,"level":"WARN","args":["Element with name \"gmp-internal-menu\" already defined."],"stack":null}
[2026-04-14T21:01:44.681Z] {"timestamp":1776200504416,"level":"WARN","args":["Element with name \"gmp-internal-place-opening-hours\" already defined."],"stack":null}
[2026-04-14T21:01:44.681Z] {"timestamp":1776200504416,"level":"WARN","args":["Element with name \"gmp-internal-place-review\" already defined."],"stack":null}
[2026-04-14T21:01:44.681Z] {"timestamp":1776200504416,"level":"WARN","args":["Element with name \"gmp-internal-tabbed-layout\" already defined."],"stack":null}
[2026-04-14T21:01:44.681Z] {"timestamp":1776200504416,"level":"WARN","args":["Element with name \"gmp-internal-lightbox\" already defined."],"stack":null}
[2026-04-14T21:01:44.681Z] {"timestamp":1776200504417,"level":"WARN","args":["Element with name \"gmp-internal-collage\" already defined."],"stack":null}
[2026-04-14T21:01:44.681Z] {"timestamp":1776200504417,"level":"WARN","args":["Element with name \"gmp-internal-place-rating-summary\" already defined."],"stack":null}
[2026-04-14T21:01:44.681Z] {"timestamp":1776200504417,"level":"WARN","args":["Element with name \"gmp-place-content-config\" already defined."],"stack":null}
[2026-04-14T21:01:44.681Z] {"timestamp":1776200504417,"level":"WARN","args":["Element with name \"gmp-place-standard-content\" already defined."],"stack":null}
[2026-04-14T21:01:44.681Z] {"timestamp":1776200504417,"level":"WARN","args":["Element with name \"gmp-internal-place-basic-info\" already defined."],"stack":null}
[2026-04-14T21:01:44.681Z] {"timestamp":1776200504418,"level":"WARN","args":["Element with name \"gmp-place-details-location-request\" already defined."],"stack":null}
[2026-04-14T21:01:44.681Z] {"timestamp":1776200504418,"level":"WARN","args":["Element with name \"gmp-place-details-place-request\" already defined."],"stack":null}
[2026-04-14T21:01:44.681Z] {"timestamp":1776200504418,"level":"WARN","args":["Element with name \"gmp-internal-circular-loader\" already defined."],"stack":null}
[2026-04-14T21:01:44.681Z] {"timestamp":1776200504418,"level":"WARN","args":["Element with name \"gmp-place-details-compact\" already defined."],"stack":null}
[2026-04-14T21:01:44.681Z] {"timestamp":1776200504418,"level":"WARN","args":["Element with name \"gmp-internal-use-place-details-compact\" already defined."],"stack":null}
[2026-04-14T21:01:44.681Z] {"timestamp":1776200504418,"level":"WARN","args":["Element with name \"gmp-place-media\" already defined."],"stack":null}
[2026-04-14T21:01:44.681Z] {"timestamp":1776200504418,"level":"WARN","args":["Element with name \"gmp-place-address\" already defined."],"stack":null}
[2026-04-14T21:01:44.681Z] {"timestamp":1776200504418,"level":"WARN","args":["Element with name \"gmp-place-rating\" already defined."],"stack":null}
[2026-04-14T21:01:44.681Z] {"timestamp":1776200504419,"level":"WARN","args":["Element with name \"gmp-place-type\" already defined."],"stack":null}
[2026-04-14T21:01:44.681Z] {"timestamp":1776200504419,"level":"WARN","args":["Element with name \"gmp-place-price\" already defined."],"stack":null}
[2026-04-14T21:01:44.681Z] {"timestamp":1776200504419,"level":"WARN","args":["Element with name \"gmp-place-accessible-entrance-icon\" already defined."],"stack":null}
[2026-04-14T21:01:44.681Z] {"timestamp":1776200504419,"level":"WARN","args":["Element with name \"gmp-place-open-now-status\" already defined."],"stack":null}
[2026-04-14T21:01:44.681Z] {"timestamp":1776200504419,"level":"WARN","args":["Element with name \"gmp-place-attribution\" already defined."],"stack":null}
[2026-04-14T21:01:44.681Z] {"timestamp":1776200504419,"level":"WARN","args":["Element with name \"gmp-place-website\" already defined."],"stack":null}
[2026-04-14T21:01:44.681Z] {"timestamp":1776200504419,"level":"WARN","args":["Element with name \"gmp-place-phone-number\" already defined."],"stack":null}
[2026-04-14T21:01:44.681Z] {"timestamp":1776200504419,"level":"WARN","args":["Element with name \"gmp-place-opening-hours\" already defined."],"stack":null}
[2026-04-14T21:01:44.681Z] {"timestamp":1776200504419,"level":"WARN","args":["Element with name \"gmp-place-summary\" already defined."],"stack":null}
[2026-04-14T21:01:44.681Z] {"timestamp":1776200504419,"level":"WARN","args":["Element with name \"gmp-place-type-specific-highlights\" already defined."],"stack":null}
[2026-04-14T21:01:44.681Z] {"timestamp":1776200504419,"level":"WARN","args":["Element with name \"gmp-place-review-summary\" already defined."],"stack":null}
[2026-04-14T21:01:44.681Z] {"timestamp":1776200504419,"level":"WARN","args":["Element with name \"gmp-place-reviews\" already defined."],"stack":null}
[2026-04-14T21:01:44.681Z] {"timestamp":1776200504419,"level":"WARN","args":["Element with name \"gmp-place-plus-code\" already defined."],"stack":null}
[2026-04-14T21:01:44.681Z] {"timestamp":1776200504419,"level":"WARN","args":["Element with name \"gmp-place-feature-list\" already defined."],"stack":null}
[2026-04-14T21:01:44.681Z] {"timestamp":1776200504420,"level":"WARN","args":["Element with name \"gmp-place-details\" already defined."],"stack":null}
[2026-04-14T21:01:44.681Z] {"timestamp":1776200504420,"level":"WARN","args":["Element with name \"gmp-internal-place-carousel\" already defined."],"stack":null}
[2026-04-14T21:01:44.681Z] {"timestamp":1776200504420,"level":"WARN","args":["Element with name \"gmp-internal-place-search-list-item\" already defined."],"stack":null}
[2026-04-14T21:01:44.681Z] {"timestamp":1776200504420,"level":"WARN","args":["Element with name \"gmp-place-nearby-search-request\" already defined."],"stack":null}
[2026-04-14T21:01:44.681Z] {"timestamp":1776200504420,"level":"WARN","args":["Element with name \"gmp-place-text-search-request\" already defined."],"stack":null}
[2026-04-14T21:01:44.681Z] {"timestamp":1776200504421,"level":"WARN","args":["Element with name \"gmp-place-search\" already defined."],"stack":null}
[2026-04-14T21:01:44.681Z] {"timestamp":1776200504431,"level":"WARN","args":["Element with name \"gmp-internal-use-am\" already defined."],"stack":null}
[2026-04-14T21:01:44.681Z] {"timestamp":1776200504432,"level":"WARN","args":["Element with name \"gmp-map\" already defined."],"stack":null}
[2026-04-14T21:01:44.681Z] {"timestamp":1776200504433,"level":"WARN","args":["Element with name \"gmp-advanced-marker\" already defined."],"stack":null}
[2026-04-14T21:01:44.681Z] {"timestamp":1776200504434,"level":"WARN","args":["Element with name \"gmp-place-autocomplete\" already defined."],"stack":null}
[2026-04-14T21:01:44.681Z] {"timestamp":1776200504434,"level":"WARN","args":["Element with name \"gmp-basic-place-autocomplete\" already defined."],"stack":null}
[2026-04-14T21:01:46.692Z] {"timestamp":1776200504916,"level":"WARN","args":["Element with name \"gmp-internal-camera-control\" already defined."],"stack":null}
[2026-04-14T21:01:51.109Z] {"timestamp":1776200509051,"level":"DEBUG","args":["[Manus] Debug collector initialized (no rrweb, UI events only)"],"stack":null}
[2026-04-14T21:01:51.109Z] {"timestamp":1776200509390,"level":"DEBUG","args":["[vite] connected."],"stack":null}
[2026-04-14T21:01:51.109Z] {"timestamp":1776200509533,"level":"WARN","args":["Google Maps JavaScript API has been loaded directly without loading=async. This can result in suboptimal performance. For best-practice loading patterns please see https://goo.gle/js-api-loading"],"stack":null}
[2026-04-15T14:52:40.450Z] {"timestamp":1776264757927,"level":"LOG","args":["[vite] server connection lost. Polling for restart..."],"stack":null}
[2026-04-15T14:52:42.051Z] {"timestamp":1776264757697,"level":"DEBUG","args":["[Manus] Debug collector initialized (no rrweb, UI events only)"],"stack":null}
[2026-04-15T14:52:42.051Z] {"timestamp":1776264757944,"level":"DEBUG","args":["[vite] connected."],"stack":null}
[2026-04-15T14:52:42.659Z] {"timestamp":1776264760646,"level":"DEBUG","args":["[Manus] Debug collector initialized (no rrweb, UI events only)"],"stack":null}
[2026-04-15T14:52:42.659Z] {"timestamp":1776264760671,"level":"DEBUG","args":["[vite] connected."],"stack":null}
[2026-04-15T14:52:42.659Z] {"timestamp":1776264760876,"level":"INFO","args":["%cDownload the React DevTools for a better development experience: https://react.dev/link/react-devtools","font-weight:bold"],"stack":null}
[2026-04-15T14:53:54.658Z] {"timestamp":1776264833462,"level":"DEBUG","args":["[vite]","hot updated: /src/pages/About.tsx"],"stack":null}
[2026-04-15T14:53:54.658Z] {"timestamp":1776264833463,"level":"DEBUG","args":["[vite]","hot updated: /src/index.css"],"stack":null}
[2026-04-15T14:54:00.059Z] {"timestamp":1776264835932,"level":"DEBUG","args":["[Manus] Debug collector initialized (no rrweb, UI events only)"],"stack":null}
[2026-04-15T14:54:00.059Z] {"timestamp":1776264836194,"level":"DEBUG","args":["[vite] connected."],"stack":null}
[2026-04-15T14:54:03.053Z] {"timestamp":1776264838904,"level":"DEBUG","args":["[Manus] Debug collector initialized (no rrweb, UI events only)"],"stack":null}
[2026-04-15T14:54:03.053Z] {"timestamp":1776264839143,"level":"DEBUG","args":["[vite] connected."],"stack":null}
[2026-04-15T14:54:04.226Z] {"timestamp":1776264841997,"level":"DEBUG","args":["[Manus] Debug collector initialized (no rrweb, UI events only)"],"stack":null}
[2026-04-15T14:54:04.226Z] {"timestamp":1776264842021,"level":"DEBUG","args":["[vite] connected."],"stack":null}
[2026-04-15T14:54:04.226Z] {"timestamp":1776264842208,"level":"INFO","args":["%cDownload the React DevTools for a better development experience: https://react.dev/link/react-devtools","font-weight:bold"],"stack":null}
[2026-04-15T14:55:03.369Z] {"timestamp":1776264901365,"level":"DEBUG","args":["[Manus] Debug collector initialized (no rrweb, UI events only)"],"stack":null}
[2026-04-15T14:55:03.369Z] {"timestamp":1776264901373,"level":"DEBUG","args":["[vite] connected."],"stack":null}
[2026-04-15T14:55:03.369Z] {"timestamp":1776264901511,"level":"INFO","args":["%cDownload the React DevTools for a better development experience: https://react.dev/link/react-devtools","font-weight:bold"],"stack":null}
[2026-04-15T15:06:16.010Z] {"timestamp":1776265574889,"level":"DEBUG","args":["[vite]","hot updated: /src/pages/About.tsx"],"stack":null}
[2026-04-15T15:06:16.010Z] {"timestamp":1776265574889,"level":"DEBUG","args":["[vite]","hot updated: /src/index.css"],"stack":null}
[2026-04-15T15:06:20.062Z] {"timestamp":1776265576456,"level":"DEBUG","args":["[Manus] Debug collector initialized (no rrweb, UI events only)"],"stack":null}
[2026-04-15T15:06:20.062Z] {"timestamp":1776265576698,"level":"DEBUG","args":["[vite] connected."],"stack":null}
[2026-04-15T15:06:24.063Z] {"timestamp":1776265579877,"level":"DEBUG","args":["[Manus] Debug collector initialized (no rrweb, UI events only)"],"stack":null}
[2026-04-15T15:06:24.063Z] {"timestamp":1776265580134,"level":"DEBUG","args":["[vite] connected."],"stack":null}
[2026-04-15T15:06:50.010Z] {"timestamp":1776265608439,"level":"DEBUG","args":["[vite]","hot updated: /src/pages/Services.tsx"],"stack":null}
[2026-04-15T15:06:50.010Z] {"timestamp":1776265608440,"level":"DEBUG","args":["[vite]","hot updated: /src/index.css"],"stack":null}
[2026-04-15T15:06:56.061Z] {"timestamp":1776265611888,"level":"DEBUG","args":["[Manus] Debug collector initialized (no rrweb, UI events only)"],"stack":null}
[2026-04-15T15:06:56.061Z] {"timestamp":1776265612131,"level":"DEBUG","args":["[vite] connected."],"stack":null}
[2026-04-15T15:07:01.986Z] {"timestamp":1776265619786,"level":"DEBUG","args":["[Manus] Debug collector initialized (no rrweb, UI events only)"],"stack":null}
[2026-04-15T15:07:01.986Z] {"timestamp":1776265619798,"level":"DEBUG","args":["[vite] connected."],"stack":null}
[2026-04-15T15:07:01.986Z] {"timestamp":1776265620003,"level":"INFO","args":["%cDownload the React DevTools for a better development experience: https://react.dev/link/react-devtools","font-weight:bold"],"stack":null}
[2026-04-15T15:07:32.940Z] {"timestamp":1776265650928,"level":"DEBUG","args":["[Manus] Debug collector initialized (no rrweb, UI events only)"],"stack":null}
[2026-04-15T15:07:32.940Z] {"timestamp":1776265650944,"level":"DEBUG","args":["[vite] connected."],"stack":null}
[2026-04-15T15:07:32.940Z] {"timestamp":1776265651120,"level":"INFO","args":["%cDownload the React DevTools for a better development experience: https://react.dev/link/react-devtools","font-weight:bold"],"stack":null}
[2026-04-15T15:07:54.602Z] {"timestamp":1776265672598,"level":"DEBUG","args":["[Manus] Debug collector initialized (no rrweb, UI events only)"],"stack":null}
[2026-04-15T15:07:54.602Z] {"timestamp":1776265672607,"level":"DEBUG","args":["[vite] connected."],"stack":null}
[2026-04-15T15:07:54.602Z] {"timestamp":1776265672748,"level":"INFO","args":["%cDownload the React DevTools for a better development experience: https://react.dev/link/react-devtools","font-weight:bold"],"stack":null}
[2026-04-17T22:18:46.021Z] {"timestamp":1776464325806,"level":"LOG","args":["[vite] server connection lost. Polling for restart..."],"stack":null}
[2026-04-17T22:18:50.191Z] {"timestamp":1776464326304,"level":"DEBUG","args":["[Manus] Debug collector initialized (no rrweb, UI events only)"],"stack":null}
[2026-04-17T22:18:50.191Z] {"timestamp":1776464326325,"level":"DEBUG","args":["[vite] connected."],"stack":null}
[2026-04-17T22:18:50.191Z] {"timestamp":1776464326589,"level":"INFO","args":["%cDownload the React DevTools for a better development experience: https://react.dev/link/react-devtools","font-weight:bold"],"stack":null}
[2026-04-17T22:19:19.340Z] {"timestamp":1776464357331,"level":"DEBUG","args":["[Manus] Debug collector initialized (no rrweb, UI events only)"],"stack":null}
[2026-04-17T22:19:19.340Z] {"timestamp":1776464357944,"level":"DEBUG","args":["[vite] connected."],"stack":null}
[2026-04-17T22:19:19.340Z] {"timestamp":1776464358324,"level":"INFO","args":["%cDownload the React DevTools for a better development experience: https://react.dev/link/react-devtools","font-weight:bold"],"stack":null}
[2026-04-17T22:20:19.433Z] {"timestamp":1776464419238,"level":"DEBUG","args":["[vite]","hot updated: /src/pages/Testimonials.tsx"],"stack":null}
[2026-04-17T22:20:19.433Z] {"timestamp":1776464419241,"level":"DEBUG","args":["[vite]","hot updated: /src/index.css"],"stack":null}
[2026-04-17T22:20:28.317Z] {"timestamp":1776464426278,"level":"DEBUG","args":["[Manus] Debug collector initialized (no rrweb, UI events only)"],"stack":null}
[2026-04-17T22:20:28.317Z] {"timestamp":1776464426302,"level":"DEBUG","args":["[vite] connected."],"stack":null}
[2026-04-17T22:20:28.317Z] {"timestamp":1776464426452,"level":"INFO","args":["%cDownload the React DevTools for a better development experience: https://react.dev/link/react-devtools","font-weight:bold"],"stack":null}
[2026-04-17T22:21:17.336Z] {"timestamp":1776464475330,"level":"DEBUG","args":["[Manus] Debug collector initialized (no rrweb, UI events only)"],"stack":null}
[2026-04-17T22:21:17.336Z] {"timestamp":1776464475350,"level":"DEBUG","args":["[vite] connected."],"stack":null}
[2026-04-17T22:21:17.336Z] {"timestamp":1776464475472,"level":"INFO","args":["%cDownload the React DevTools for a better development experience: https://react.dev/link/react-devtools","font-weight:bold"],"stack":null}
[2026-04-21T02:54:32.581Z] {"timestamp":1776740072228,"level":"LOG","args":["[vite] server connection lost. Polling for restart..."],"stack":null}
[2026-04-21T02:54:35.286Z] {"timestamp":1776740073269,"level":"DEBUG","args":["[Manus] Debug collector initialized (no rrweb, UI events only)"],"stack":null}
[2026-04-21T02:54:35.286Z] {"timestamp":1776740073299,"level":"DEBUG","args":["[vite] connected."],"stack":null}
[2026-04-21T02:54:35.286Z] {"timestamp":1776740073465,"level":"INFO","args":["%cDownload the React DevTools for a better development experience: https://react.dev/link/react-devtools","font-weight:bold"],"stack":null}
[2026-04-21T02:55:31.284Z] {"timestamp":1776740130411,"level":"DEBUG","args":["[vite]","hot updated: /src/pages/VideoTours.tsx"],"stack":null}
[2026-04-21T02:55:31.284Z] {"timestamp":1776740130411,"level":"DEBUG","args":["[vite]","hot updated: /src/index.css"],"stack":null}
[2026-04-21T02:55:41.818Z] {"timestamp":1776740139675,"level":"DEBUG","args":["[Manus] Debug collector initialized (no rrweb, UI events only)"],"stack":null}
[2026-04-21T02:55:41.818Z] {"timestamp":1776740139691,"level":"DEBUG","args":["[vite] connected."],"stack":null}
[2026-04-21T02:55:41.818Z] {"timestamp":1776740139896,"level":"INFO","args":["%cDownload the React DevTools for a better development experience: https://react.dev/link/react-devtools","font-weight:bold"],"stack":null}
[2026-04-21T02:56:26.744Z] {"timestamp":1776740184738,"level":"DEBUG","args":["[Manus] Debug collector initialized (no rrweb, UI events only)"],"stack":null}
[2026-04-21T02:56:26.744Z] {"timestamp":1776740184750,"level":"DEBUG","args":["[vite] connected."],"stack":null}
[2026-04-21T02:56:26.744Z] {"timestamp":1776740184882,"level":"INFO","args":["%cDownload the React DevTools for a better development experience: https://react.dev/link/react-devtools","font-weight:bold"],"stack":null}
[2026-04-21T03:09:41.690Z] {"timestamp":1776740980222,"level":"DEBUG","args":["[vite]","hot updated: /src/pages/VideoTours.tsx"],"stack":null}
[2026-04-21T03:09:41.691Z] {"timestamp":1776740980223,"level":"DEBUG","args":["[vite]","hot updated: /src/index.css"],"stack":null}
[2026-04-21T03:09:51.836Z] {"timestamp":1776740989803,"level":"DEBUG","args":["[Manus] Debug collector initialized (no rrweb, UI events only)"],"stack":null}
[2026-04-21T03:09:51.836Z] {"timestamp":1776740989828,"level":"DEBUG","args":["[vite] connected."],"stack":null}
[2026-04-21T03:09:51.836Z] {"timestamp":1776740989992,"level":"INFO","args":["%cDownload the React DevTools for a better development experience: https://react.dev/link/react-devtools","font-weight:bold"],"stack":null}
[2026-04-21T03:10:30.375Z] {"timestamp":1776741028369,"level":"DEBUG","args":["[Manus] Debug collector initialized (no rrweb, UI events only)"],"stack":null}
[2026-04-21T03:10:30.375Z] {"timestamp":1776741028382,"level":"DEBUG","args":["[vite] connected."],"stack":null}
[2026-04-21T03:10:30.375Z] {"timestamp":1776741028497,"level":"INFO","args":["%cDownload the React DevTools for a better development experience: https://react.dev/link/react-devtools","font-weight:bold"],"stack":null}
[2026-04-22T03:09:34.547Z] {"timestamp":1776827374293,"level":"LOG","args":["[vite] server connection lost. Polling for restart..."],"stack":null}
[2026-04-22T03:09:37.972Z] {"timestamp":1776827374799,"level":"DEBUG","args":["[Manus] Debug collector initialized (no rrweb, UI events only)"],"stack":null}
[2026-04-22T03:09:37.972Z] {"timestamp":1776827374820,"level":"DEBUG","args":["[vite] connected."],"stack":null}
[2026-04-22T03:09:37.972Z] {"timestamp":1776827374981,"level":"INFO","args":["%cDownload the React DevTools for a better development experience: https://react.dev/link/react-devtools","font-weight:bold"],"stack":null}
[2026-04-22T03:10:06.628Z] {"timestamp":1776827404668,"level":"DEBUG","args":["[vite]","hot updated: /src/index.css"],"stack":null}
[2026-04-22T03:10:06.628Z] {"timestamp":1776827404668,"level":"DEBUG","args":["[vite]","hot updated: /src/pages/Home.tsx"],"stack":null}
[2026-04-22T03:10:06.628Z] {"timestamp":1776827404668,"level":"DEBUG","args":["[vite]","hot updated: /src/pages/Testimonials.tsx"],"stack":null}
[2026-04-22T03:10:06.628Z] {"timestamp":1776827404668,"level":"DEBUG","args":["[vite]","hot updated: /src/pages/Services.tsx"],"stack":null}
[2026-04-22T03:10:06.628Z] {"timestamp":1776827404668,"level":"DEBUG","args":["[vite]","hot updated: /src/pages/Projects.tsx"],"stack":null}
[2026-04-22T03:10:06.628Z] {"timestamp":1776827404669,"level":"DEBUG","args":["[vite]","hot updated: /src/pages/About.tsx"],"stack":null}
[2026-04-22T03:10:14.964Z] {"timestamp":1776827413870,"level":"DEBUG","args":["[vite]","hot updated: /src/pages/Projects.tsx"],"stack":null}
[2026-04-22T03:10:14.964Z] {"timestamp":1776827413871,"level":"DEBUG","args":["[vite]","hot updated: /src/index.css"],"stack":null}
[2026-04-22T03:10:23.369Z] {"timestamp":1776827421099,"level":"DEBUG","args":["[Manus] Debug collector initialized (no rrweb, UI events only)"],"stack":null}
[2026-04-22T03:10:23.369Z] {"timestamp":1776827421116,"level":"DEBUG","args":["[vite] connected."],"stack":null}
[2026-04-22T03:10:23.369Z] {"timestamp":1776827421293,"level":"INFO","args":["%cDownload the React DevTools for a better development experience: https://react.dev/link/react-devtools","font-weight:bold"],"stack":null}
[2026-04-22T03:11:03.145Z] {"timestamp":1776827461140,"level":"DEBUG","args":["[Manus] Debug collector initialized (no rrweb, UI events only)"],"stack":null}
[2026-04-22T03:11:03.145Z] {"timestamp":1776827461153,"level":"DEBUG","args":["[vite] connected."],"stack":null}
[2026-04-22T03:11:03.145Z] {"timestamp":1776827461259,"level":"INFO","args":["%cDownload the React DevTools for a better development experience: https://react.dev/link/react-devtools","font-weight:bold"],"stack":null}
[2026-05-04T05:24:22.507Z] {"timestamp":1777872262385,"level":"LOG","args":["[vite] server connection lost. Polling for restart..."],"stack":null}
[2026-05-04T05:24:25.794Z] {"timestamp":1777872262752,"level":"DEBUG","args":["[Manus] Debug collector initialized (no rrweb, UI events only)"],"stack":null}
[2026-05-04T05:24:25.794Z] {"timestamp":1777872262771,"level":"DEBUG","args":["[vite] connected."],"stack":null}
[2026-05-04T05:24:25.794Z] {"timestamp":1777872263014,"level":"INFO","args":["%cDownload the React DevTools for a better development experience: https://react.dev/link/react-devtools","font-weight:bold"],"stack":null}
[2026-05-04T05:24:47.793Z] {"timestamp":1777872286301,"level":"DEBUG","args":["[vite]","hot updated: /src/pages/Testimonials.tsx"],"stack":null}
[2026-05-04T05:24:47.793Z] {"timestamp":1777872286301,"level":"DEBUG","args":["[vite]","hot updated: /src/index.css"],"stack":null}
[2026-05-04T05:25:02.178Z] {"timestamp":1777872301560,"level":"DEBUG","args":["[vite]","hot updated: /src/pages/Testimonials.tsx"],"stack":null}
[2026-05-04T05:25:02.178Z] {"timestamp":1777872301560,"level":"DEBUG","args":["[vite]","hot updated: /src/index.css"],"stack":null}
[2026-05-04T05:25:14.011Z] {"timestamp":1777872311998,"level":"DEBUG","args":["[Manus] Debug collector initialized (no rrweb, UI events only)"],"stack":null}
[2026-05-04T05:25:14.011Z] {"timestamp":1777872312016,"level":"DEBUG","args":["[vite] connected."],"stack":null}
[2026-05-04T05:25:14.011Z] {"timestamp":1777872312232,"level":"INFO","args":["%cDownload the React DevTools for a better development experience: https://react.dev/link/react-devtools","font-weight:bold"],"stack":null}
[2026-05-04T05:26:21.773Z] {"timestamp":1777872379768,"level":"DEBUG","args":["[Manus] Debug collector initialized (no rrweb, UI events only)"],"stack":null}
[2026-05-04T05:26:21.773Z] {"timestamp":1777872379779,"level":"DEBUG","args":["[vite] connected."],"stack":null}
[2026-05-04T05:26:21.773Z] {"timestamp":1777872379889,"level":"INFO","args":["%cDownload the React DevTools for a better development experience: https://react.dev/link/react-devtools","font-weight:bold"],"stack":null}
[2026-05-04T05:26:45.452Z] {"timestamp":1777872403448,"level":"DEBUG","args":["[Manus] Debug collector initialized (no rrweb, UI events only)"],"stack":null}
[2026-05-04T05:26:45.452Z] {"timestamp":1777872403459,"level":"DEBUG","args":["[vite] connected."],"stack":null}
[2026-05-04T05:26:45.452Z] {"timestamp":1777872403588,"level":"INFO","args":["%cDownload the React DevTools for a better development experience: https://react.dev/link/react-devtools","font-weight:bold"],"stack":null}
[2026-05-04T05:32:48.162Z] {"timestamp":1777872766024,"level":"DEBUG","args":["[Manus] Debug collector initialized (no rrweb, UI events only)"],"stack":null}
[2026-05-04T05:32:48.162Z] {"timestamp":1777872766311,"level":"DEBUG","args":["[vite] connected."],"stack":null}
[2026-05-04T15:10:52.534Z] {"timestamp":1777907452424,"level":"LOG","args":["[vite] server connection lost. Polling for restart..."],"stack":null}
[2026-05-04T15:10:52.554Z] {"timestamp":1777907452424,"level":"LOG","args":["[vite] server connection lost. Polling for restart..."],"stack":null}
[2026-05-04T15:10:56.412Z] {"timestamp":1777907452975,"level":"DEBUG","args":["[Manus] Debug collector initialized (no rrweb, UI events only)"],"stack":null}
[2026-05-04T15:10:56.412Z] {"timestamp":1777907452990,"level":"DEBUG","args":["[vite] connected."],"stack":null}
[2026-05-04T15:10:56.412Z] {"timestamp":1777907453205,"level":"INFO","args":["%cDownload the React DevTools for a better development experience: https://react.dev/link/react-devtools","font-weight:bold"],"stack":null}
[2026-05-04T15:10:56.554Z] {"timestamp":1777907453872,"level":"DEBUG","args":["[Manus] Debug collector initialized (no rrweb, UI events only)"],"stack":null}
[2026-05-04T15:10:56.554Z] {"timestamp":1777907454229,"level":"DEBUG","args":["[vite] connected."],"stack":null}
[2026-05-04T15:42:38.797Z] {"timestamp":1777909358122,"level":"DEBUG","args":["[vite]","hot updated: /src/pages/Home.tsx"],"stack":null}
[2026-05-04T15:42:38.797Z] {"timestamp":1777909358123,"level":"DEBUG","args":["[vite]","hot updated: /src/index.css"],"stack":null}
[2026-05-04T15:42:43.281Z] {"timestamp":1777909360421,"level":"DEBUG","args":["[Manus] Debug collector initialized (no rrweb, UI events only)"],"stack":null}
[2026-05-04T15:42:43.281Z] {"timestamp":1777909360659,"level":"DEBUG","args":["[vite] connected."],"stack":null}
[2026-05-04T15:42:53.280Z] {"timestamp":1777909372139,"level":"DEBUG","args":["[vite]","hot updated: /src/pages/Home.tsx"],"stack":null}
[2026-05-04T15:42:53.280Z] {"timestamp":1777909372139,"level":"DEBUG","args":["[vite]","hot updated: /src/index.css"],"stack":null}
[2026-05-04T15:42:54.411Z] {"timestamp":1777909372770,"level":"DEBUG","args":["[vite]","hot updated: /src/pages/Home.tsx"],"stack":null}
[2026-05-04T15:42:54.411Z] {"timestamp":1777909372771,"level":"DEBUG","args":["[vite]","hot updated: /src/index.css"],"stack":null}
[2026-05-04T15:42:58.283Z] {"timestamp":1777909374646,"level":"DEBUG","args":["[Manus] Debug collector initialized (no rrweb, UI events only)"],"stack":null}
[2026-05-04T15:42:58.283Z] {"timestamp":1777909374895,"level":"DEBUG","args":["[vite] connected."],"stack":null}
[2026-05-04T15:43:02.275Z] {"timestamp":1777909381020,"level":"DEBUG","args":["[vite]","hot updated: /src/pages/Home.tsx"],"stack":null}
[2026-05-04T15:43:02.275Z] {"timestamp":1777909381020,"level":"DEBUG","args":["[vite]","hot updated: /src/index.css"],"stack":null}
[2026-05-04T15:43:02.409Z] {"timestamp":1777909381687,"level":"DEBUG","args":["[vite]","hot updated: /src/pages/Home.tsx"],"stack":null}
[2026-05-04T15:43:02.409Z] {"timestamp":1777909381687,"level":"DEBUG","args":["[vite]","hot updated: /src/index.css"],"stack":null}
[2026-05-04T15:43:06.278Z] {"timestamp":1777909383481,"level":"DEBUG","args":["[Manus] Debug collector initialized (no rrweb, UI events only)"],"stack":null}
[2026-05-04T15:43:06.278Z] {"timestamp":1777909383741,"level":"DEBUG","args":["[vite] connected."],"stack":null}
[2026-05-04T15:43:22.409Z] {"timestamp":1777909400672,"level":"DEBUG","args":["[vite]","hot updated: /src/pages/About.tsx"],"stack":null}
[2026-05-04T15:43:22.410Z] {"timestamp":1777909400672,"level":"DEBUG","args":["[vite]","hot updated: /src/index.css"],"stack":null}
[2026-05-04T15:43:26.273Z] {"timestamp":1777909402566,"level":"DEBUG","args":["[Manus] Debug collector initialized (no rrweb, UI events only)"],"stack":null}
[2026-05-04T15:43:26.273Z] {"timestamp":1777909402832,"level":"DEBUG","args":["[vite] connected."],"stack":null}
[2026-05-04T15:43:40.410Z] {"timestamp":1777909418481,"level":"DEBUG","args":["[vite]","hot updated: /src/pages/Services.tsx"],"stack":null}
[2026-05-04T15:43:40.410Z] {"timestamp":1777909418481,"level":"DEBUG","args":["[vite]","hot updated: /src/index.css"],"stack":null}
[2026-05-04T15:43:43.278Z] {"timestamp":1777909420124,"level":"DEBUG","args":["[Manus] Debug collector initialized (no rrweb, UI events only)"],"stack":null}
[2026-05-04T15:43:43.278Z] {"timestamp":1777909420369,"level":"DEBUG","args":["[vite] connected."],"stack":null}
[2026-05-04T15:44:02.595Z] {"timestamp":1777909442093,"level":"DEBUG","args":["[vite]","hot updated: /src/pages/Projects.tsx"],"stack":null}
[2026-05-04T15:44:02.595Z] {"timestamp":1777909442093,"level":"DEBUG","args":["[vite]","hot updated: /src/index.css"],"stack":null}
[2026-05-04T15:44:07.270Z] {"timestamp":1777909443697,"level":"DEBUG","args":["[Manus] Debug collector initialized (no rrweb, UI events only)"],"stack":null}
[2026-05-04T15:44:07.270Z] {"timestamp":1777909443934,"level":"DEBUG","args":["[vite] connected."],"stack":null}
[2026-05-04T15:44:36.655Z] {"timestamp":1777909475979,"level":"DEBUG","args":["[vite]","hot updated: /src/pages/Home.tsx"],"stack":null}
[2026-05-04T15:44:36.655Z] {"timestamp":1777909475979,"level":"DEBUG","args":["[vite]","hot updated: /src/index.css"],"stack":null}
[2026-05-04T15:44:41.281Z] {"timestamp":1777909477721,"level":"DEBUG","args":["[Manus] Debug collector initialized (no rrweb, UI events only)"],"stack":null}
[2026-05-04T15:44:41.282Z] {"timestamp":1777909477971,"level":"DEBUG","args":["[vite] connected."],"stack":null}
[2026-05-04T15:44:52.644Z] {"timestamp":1777909492091,"level":"DEBUG","args":["[vite]","hot updated: /src/pages/Contact.tsx"],"stack":null}
[2026-05-04T15:44:52.644Z] {"timestamp":1777909492091,"level":"DEBUG","args":["[vite]","hot updated: /src/index.css"],"stack":null}
[2026-05-04T15:44:57.277Z] {"timestamp":1777909493655,"level":"DEBUG","args":["[Manus] Debug collector initialized (no rrweb, UI events only)"],"stack":null}
[2026-05-04T15:44:57.277Z] {"timestamp":1777909493891,"level":"DEBUG","args":["[vite] connected."],"stack":null}
[2026-05-04T15:45:08.409Z] {"timestamp":1777909507490,"level":"DEBUG","args":["[vite]","hot updated: /src/pages/Contact.tsx"],"stack":null}
[2026-05-04T15:45:08.409Z] {"timestamp":1777909507490,"level":"DEBUG","args":["[vite]","hot updated: /src/index.css"],"stack":null}
[2026-05-04T15:45:12.278Z] {"timestamp":1777909509335,"level":"DEBUG","args":["[Manus] Debug collector initialized (no rrweb, UI events only)"],"stack":null}
[2026-05-04T15:45:12.278Z] {"timestamp":1777909509605,"level":"DEBUG","args":["[vite] connected."],"stack":null}
[2026-05-04T15:45:28.155Z] {"timestamp":1777909525519,"level":"DEBUG","args":["[Manus] Debug collector initialized (no rrweb, UI events only)"],"stack":null}
[2026-05-04T15:45:28.155Z] {"timestamp":1777909525537,"level":"DEBUG","args":["[vite] connected."],"stack":null}
[2026-05-04T15:45:28.155Z] {"timestamp":1777909525699,"level":"INFO","args":["%cDownload the React DevTools for a better development experience: https://react.dev/link/react-devtools","font-weight:bold"],"stack":null}
[2026-05-04T15:46:05.689Z] {"timestamp":1777909563609,"level":"DEBUG","args":["[Manus] Debug collector initialized (no rrweb, UI events only)"],"stack":null}
[2026-05-04T15:46:05.689Z] {"timestamp":1777909563622,"level":"DEBUG","args":["[vite] connected."],"stack":null}
[2026-05-04T15:46:05.689Z] {"timestamp":1777909563790,"level":"INFO","args":["%cDownload the React DevTools for a better development experience: https://react.dev/link/react-devtools","font-weight:bold"],"stack":null}
[2026-05-04T15:46:14.826Z] {"timestamp":1777909572805,"level":"DEBUG","args":["[Manus] Debug collector initialized (no rrweb, UI events only)"],"stack":null}
[2026-05-04T15:46:14.826Z] {"timestamp":1777909572820,"level":"DEBUG","args":["[vite] connected."],"stack":null}
[2026-05-04T15:46:14.826Z] {"timestamp":1777909572969,"level":"INFO","args":["%cDownload the React DevTools for a better development experience: https://react.dev/link/react-devtools","font-weight:bold"],"stack":null}
[2026-05-04T15:46:14.826Z] {"timestamp":1777909573397,"level":"WARN","args":["Google Maps JavaScript API has been loaded directly without loading=async. This can result in suboptimal performance. For best-practice loading patterns please see https://goo.gle/js-api-loading"],"stack":null}
[2026-05-04T15:46:39.028Z] {"timestamp":1777909597024,"level":"DEBUG","args":["[Manus] Debug collector initialized (no rrweb, UI events only)"],"stack":null}
[2026-05-04T15:46:39.028Z] {"timestamp":1777909597035,"level":"DEBUG","args":["[vite] connected."],"stack":null}
[2026-05-04T15:46:39.028Z] {"timestamp":1777909597124,"level":"INFO","args":["%cDownload the React DevTools for a better development experience: https://react.dev/link/react-devtools","font-weight:bold"],"stack":null}
[2026-05-04T17:13:21.334Z] {"timestamp":1777914801053,"level":"LOG","args":["[vite] server connection lost. Polling for restart..."],"stack":null}
[2026-05-04T17:13:23.548Z] {"timestamp":1777914801515,"level":"DEBUG","args":["[Manus] Debug collector initialized (no rrweb, UI events only)"],"stack":null}
[2026-05-04T17:13:23.548Z] {"timestamp":1777914801535,"level":"DEBUG","args":["[vite] connected."],"stack":null}
[2026-05-04T17:13:23.548Z] {"timestamp":1777914801740,"level":"INFO","args":["%cDownload the React DevTools for a better development experience: https://react.dev/link/react-devtools","font-weight:bold"],"stack":null}
[2026-05-04T17:13:23.548Z] {"timestamp":1777914802461,"level":"WARN","args":["Google Maps JavaScript API has been loaded directly without loading=async. This can result in suboptimal performance. For best-practice loading patterns please see https://goo.gle/js-api-loading"],"stack":null}
[2026-05-04T17:13:33.363Z] {"timestamp":1777914810639,"level":"DEBUG","args":["[Manus] Debug collector initialized (no rrweb, UI events only)"],"stack":null}
[2026-05-04T17:13:33.363Z] {"timestamp":1777914810655,"level":"DEBUG","args":["[vite] connected."],"stack":null}
[2026-05-04T17:13:33.363Z] {"timestamp":1777914810830,"level":"INFO","args":["%cDownload the React DevTools for a better development experience: https://react.dev/link/react-devtools","font-weight:bold"],"stack":null}
[2026-05-04T17:13:43.123Z] {"timestamp":1777914820929,"level":"DEBUG","args":["[Manus] Debug collector initialized (no rrweb, UI events only)"],"stack":null}
[2026-05-04T17:13:43.123Z] {"timestamp":1777914820950,"level":"DEBUG","args":["[vite] connected."],"stack":null}
[2026-05-04T17:13:43.123Z] {"timestamp":1777914821138,"level":"INFO","args":["%cDownload the React DevTools for a better development experience: https://react.dev/link/react-devtools","font-weight:bold"],"stack":null}
[2026-05-04T17:13:51.819Z] {"timestamp":1777914829804,"level":"DEBUG","args":["[Manus] Debug collector initialized (no rrweb, UI events only)"],"stack":null}
[2026-05-04T17:13:51.819Z] {"timestamp":1777914829829,"level":"DEBUG","args":["[vite] connected."],"stack":null}
[2026-05-04T17:13:51.819Z] {"timestamp":1777914829985,"level":"INFO","args":["%cDownload the React DevTools for a better development experience: https://react.dev/link/react-devtools","font-weight:bold"],"stack":null}
[2026-05-04T17:14:02.682Z] {"timestamp":1777914840669,"level":"DEBUG","args":["[Manus] Debug collector initialized (no rrweb, UI events only)"],"stack":null}
[2026-05-04T17:14:02.682Z] {"timestamp":1777914840686,"level":"DEBUG","args":["[vite] connected."],"stack":null}
[2026-05-04T17:14:02.682Z] {"timestamp":1777914840892,"level":"INFO","args":["%cDownload the React DevTools for a better development experience: https://react.dev/link/react-devtools","font-weight:bold"],"stack":null}
[2026-05-04T17:14:12.510Z] {"timestamp":1777914850495,"level":"DEBUG","args":["[Manus] Debug collector initialized (no rrweb, UI events only)"],"stack":null}
[2026-05-04T17:14:12.510Z] {"timestamp":1777914850521,"level":"DEBUG","args":["[vite] connected."],"stack":null}
[2026-05-04T17:14:12.510Z] {"timestamp":1777914850678,"level":"INFO","args":["%cDownload the React DevTools for a better development experience: https://react.dev/link/react-devtools","font-weight:bold"],"stack":null}
[2026-05-04T17:14:20.370Z] {"timestamp":1777914858333,"level":"DEBUG","args":["[Manus] Debug collector initialized (no rrweb, UI events only)"],"stack":null}
[2026-05-04T17:14:20.370Z] {"timestamp":1777914858353,"level":"DEBUG","args":["[vite] connected."],"stack":null}
[2026-05-04T17:14:20.370Z] {"timestamp":1777914858520,"level":"INFO","args":["%cDownload the React DevTools for a better development experience: https://react.dev/link/react-devtools","font-weight:bold"],"stack":null}
[2026-05-04T17:14:29.459Z] {"timestamp":1777914867443,"level":"DEBUG","args":["[Manus] Debug collector initialized (no rrweb, UI events only)"],"stack":null}
[2026-05-04T17:14:29.459Z] {"timestamp":1777914867459,"level":"DEBUG","args":["[vite] connected."],"stack":null}
[2026-05-04T17:14:29.459Z] {"timestamp":1777914867621,"level":"INFO","args":["%cDownload the React DevTools for a better development experience: https://react.dev/link/react-devtools","font-weight:bold"],"stack":null}
[2026-05-04T17:14:29.459Z] {"timestamp":1777914868003,"level":"WARN","args":["Google Maps JavaScript API has been loaded directly without loading=async. This can result in suboptimal performance. For best-practice loading patterns please see https://goo.gle/js-api-loading"],"stack":null}
[2026-05-04T18:23:59.838Z] {"timestamp":1777919039219,"level":"DEBUG","args":["[vite]","hot updated: /src/pages/Home.tsx"],"stack":null}
[2026-05-04T18:23:59.838Z] {"timestamp":1777919039220,"level":"DEBUG","args":["[vite]","hot updated: /src/index.css"],"stack":null}
[2026-05-04T18:24:05.434Z] {"timestamp":1777919042166,"level":"DEBUG","args":["[Manus] Debug collector initialized (no rrweb, UI events only)"],"stack":null}
[2026-05-04T18:24:05.434Z] {"timestamp":1777919042421,"level":"DEBUG","args":["[vite] connected."],"stack":null}
[2026-05-04T18:25:49.431Z] {"timestamp":1777919147969,"level":"DEBUG","args":["[vite]","hot updated: /src/index.css"],"stack":null}
[2026-05-04T18:25:49.431Z] {"timestamp":1777919147970,"level":"DEBUG","args":["[vite]","hot updated: /src/components/Navigation.tsx"],"stack":null}
[2026-05-04T18:25:50.715Z] {"timestamp":1777919148745,"level":"DEBUG","args":["[vite]","hot updated: /src/index.css"],"stack":null}
[2026-05-04T18:25:50.715Z] {"timestamp":1777919148745,"level":"DEBUG","args":["[vite]","hot updated: /src/components/Navigation.tsx"],"stack":null}
[2026-05-04T18:25:55.422Z] {"timestamp":1777919152046,"level":"DEBUG","args":["[Manus] Debug collector initialized (no rrweb, UI events only)"],"stack":null}
[2026-05-04T18:25:55.422Z] {"timestamp":1777919152306,"level":"DEBUG","args":["[vite] connected."],"stack":null}
[2026-05-04T18:26:03.456Z] {"timestamp":1777919162496,"level":"DEBUG","args":["[vite]","hot updated: /src/index.css"],"stack":null}
[2026-05-04T18:26:03.456Z] {"timestamp":1777919162497,"level":"DEBUG","args":["[vite]","hot updated: /src/components/Footer.tsx"],"stack":null}
[2026-05-04T18:26:07.430Z] {"timestamp":1777919163995,"level":"DEBUG","args":["[Manus] Debug collector initialized (no rrweb, UI events only)"],"stack":null}
[2026-05-04T18:26:07.430Z] {"timestamp":1777919164251,"level":"DEBUG","args":["[vite] connected."],"stack":null}
[2026-05-04T18:26:14.767Z] {"timestamp":1777919171893,"level":"DEBUG","args":["[Manus] Debug collector initialized (no rrweb, UI events only)"],"stack":null}
[2026-05-04T18:26:14.767Z] {"timestamp":1777919172159,"level":"DEBUG","args":["[vite] connected."],"stack":null}
[2026-05-04T18:26:17.474Z] {"timestamp":1777919175358,"level":"DEBUG","args":["[Manus] Debug collector initialized (no rrweb, UI events only)"],"stack":null}
[2026-05-04T18:26:17.474Z] {"timestamp":1777919175383,"level":"DEBUG","args":["[vite] connected."],"stack":null}
[2026-05-04T18:26:17.474Z] {"timestamp":1777919175551,"level":"INFO","args":["%cDownload the React DevTools for a better development experience: https://react.dev/link/react-devtools","font-weight:bold"],"stack":null}
[2026-05-04T18:26:17.474Z] {"timestamp":1777919175924,"level":"WARN","args":["Google Maps JavaScript API has been loaded directly without loading=async. This can result in suboptimal performance. For best-practice loading patterns please see https://goo.gle/js-api-loading"],"stack":null}
[2026-05-04T18:26:19.424Z] {"timestamp":1777919176275,"level":"DEBUG","args":["[Manus] Debug collector initialized (no rrweb, UI events only)"],"stack":null}
[2026-05-04T18:26:19.424Z] {"timestamp":1777919176570,"level":"DEBUG","args":["[vite] connected."],"stack":null}
[2026-05-04T18:26:31.419Z] {"timestamp":1777919190396,"level":"DEBUG","args":["[vite]","hot updated: /src/pages/Services.tsx"],"stack":null}
[2026-05-04T18:26:31.419Z] {"timestamp":1777919190396,"level":"DEBUG","args":["[vite]","hot updated: /src/index.css"],"stack":null}
[2026-05-04T18:26:31.776Z] {"timestamp":1777919191159,"level":"DEBUG","args":["[vite]","hot updated: /src/pages/Services.tsx"],"stack":null}
[2026-05-04T18:26:31.776Z] {"timestamp":1777919191159,"level":"DEBUG","args":["[vite]","hot updated: /src/index.css"],"stack":null}
[2026-05-04T18:26:36.421Z] {"timestamp":1777919192770,"level":"DEBUG","args":["[Manus] Debug collector initialized (no rrweb, UI events only)"],"stack":null}
[2026-05-04T18:26:36.422Z] {"timestamp":1777919193031,"level":"DEBUG","args":["[vite] connected."],"stack":null}
[2026-05-04T18:27:17.884Z] {"timestamp":1777919237273,"level":"DEBUG","args":["[vite]","hot updated: /src/pages/Services.tsx"],"stack":null}
[2026-05-04T18:27:17.884Z] {"timestamp":1777919237273,"level":"DEBUG","args":["[vite]","hot updated: /src/index.css"],"stack":null}
[2026-05-04T18:27:18.428Z] {"timestamp":1777919237016,"level":"DEBUG","args":["[vite]","hot updated: /src/pages/Services.tsx"],"stack":null}
[2026-05-04T18:27:18.428Z] {"timestamp":1777919237016,"level":"DEBUG","args":["[vite]","hot updated: /src/index.css"],"stack":null}
[2026-05-04T18:27:55.371Z] {"timestamp":1777919274171,"level":"DEBUG","args":["[vite]","hot updated: /src/pages/Projects.tsx"],"stack":null}
[2026-05-04T18:27:55.371Z] {"timestamp":1777919274171,"level":"DEBUG","args":["[vite]","hot updated: /src/index.css"],"stack":null}
[2026-05-04T18:27:56.433Z] {"timestamp":1777919273841,"level":"DEBUG","args":["[vite]","hot updated: /src/pages/Projects.tsx"],"stack":null}
[2026-05-04T18:27:56.433Z] {"timestamp":1777919273841,"level":"DEBUG","args":["[vite]","hot updated: /src/index.css"],"stack":null}
[2026-05-04T18:28:13.371Z] {"timestamp":1777919291499,"level":"DEBUG","args":["[vite]","hot updated: /src/pages/VideoTours.tsx"],"stack":null}
[2026-05-04T18:28:13.371Z] {"timestamp":1777919291499,"level":"DEBUG","args":["[vite]","hot updated: /src/index.css"],"stack":null}
[2026-05-04T18:28:16.428Z] {"timestamp":1777919293240,"level":"DEBUG","args":["[Manus] Debug collector initialized (no rrweb, UI events only)"],"stack":null}
[2026-05-04T18:28:16.428Z] {"timestamp":1777919293520,"level":"DEBUG","args":["[vite] connected."],"stack":null}
[2026-05-04T18:28:34.430Z] {"timestamp":1777919313411,"level":"DEBUG","args":["[vite]","hot updated: /src/pages/About.tsx"],"stack":null}
[2026-05-04T18:28:34.430Z] {"timestamp":1777919313411,"level":"DEBUG","args":["[vite]","hot updated: /src/index.css"],"stack":null}
[2026-05-04T18:28:35.372Z] {"timestamp":1777919314195,"level":"DEBUG","args":["[vite]","hot updated: /src/pages/About.tsx"],"stack":null}
[2026-05-04T18:28:35.372Z] {"timestamp":1777919314195,"level":"DEBUG","args":["[vite]","hot updated: /src/index.css"],"stack":null}
[2026-05-04T18:28:39.422Z] {"timestamp":1777919315959,"level":"DEBUG","args":["[Manus] Debug collector initialized (no rrweb, UI events only)"],"stack":null}
[2026-05-04T18:28:39.422Z] {"timestamp":1777919316213,"level":"DEBUG","args":["[vite] connected."],"stack":null}
[2026-05-04T18:28:49.428Z] {"timestamp":1777919328418,"level":"DEBUG","args":["[vite]","hot updated: /src/pages/Contact.tsx"],"stack":null}
[2026-05-04T18:28:49.428Z] {"timestamp":1777919328419,"level":"DEBUG","args":["[vite]","hot updated: /src/index.css"],"stack":null}
[2026-05-04T18:28:49.923Z] {"timestamp":1777919329245,"level":"DEBUG","args":["[vite]","hot updated: /src/pages/Contact.tsx"],"stack":null}
[2026-05-04T18:28:49.923Z] {"timestamp":1777919329245,"level":"DEBUG","args":["[vite]","hot updated: /src/index.css"],"stack":null}
[2026-05-04T18:28:54.433Z] {"timestamp":1777919330906,"level":"DEBUG","args":["[Manus] Debug collector initialized (no rrweb, UI events only)"],"stack":null}
[2026-05-04T18:28:54.433Z] {"timestamp":1777919331172,"level":"DEBUG","args":["[vite] connected."],"stack":null}
[2026-05-04T18:29:05.798Z] {"timestamp":1777919345103,"level":"DEBUG","args":["[vite]","hot updated: /src/pages/Contact.tsx"],"stack":null}
[2026-05-04T18:29:05.798Z] {"timestamp":1777919345103,"level":"DEBUG","args":["[vite]","hot updated: /src/index.css"],"stack":null}
[2026-05-04T18:29:10.498Z] {"timestamp":1777919347109,"level":"DEBUG","args":["[Manus] Debug collector initialized (no rrweb, UI events only)"],"stack":null}
[2026-05-04T18:29:10.498Z] {"timestamp":1777919349557,"level":"DEBUG","args":["[vite] connected."],"stack":null}
[2026-05-04T18:29:22.429Z] {"timestamp":1777919361167,"level":"DEBUG","args":["[vite]","hot updated: /src/pages/Testimonials.tsx"],"stack":null}
[2026-05-04T18:29:22.429Z] {"timestamp":1777919361168,"level":"DEBUG","args":["[vite]","hot updated: /src/index.css"],"stack":null}
[2026-05-04T18:29:23.371Z] {"timestamp":1777919361711,"level":"DEBUG","args":["[vite]","hot updated: /src/pages/Testimonials.tsx"],"stack":null}
[2026-05-04T18:29:23.371Z] {"timestamp":1777919361711,"level":"DEBUG","args":["[vite]","hot updated: /src/index.css"],"stack":null}
[2026-05-04T18:29:27.437Z] {"timestamp":1777919363578,"level":"DEBUG","args":["[Manus] Debug collector initialized (no rrweb, UI events only)"],"stack":null}
[2026-05-04T18:29:27.437Z] {"timestamp":1777919363815,"level":"DEBUG","args":["[vite] connected."],"stack":null}
[2026-05-04T18:29:49.755Z] {"timestamp":1777919389225,"level":"DEBUG","args":["[vite]","hot updated: /src/pages/Services.tsx"],"stack":null}
[2026-05-04T18:29:49.755Z] {"timestamp":1777919389226,"level":"DEBUG","args":["[vite]","hot updated: /src/index.css"],"stack":null}
[2026-05-04T18:29:54.429Z] {"timestamp":1777919391032,"level":"DEBUG","args":["[Manus] Debug collector initialized (no rrweb, UI events only)"],"stack":null}
[2026-05-04T18:29:54.429Z] {"timestamp":1777919391328,"level":"DEBUG","args":["[vite] connected."],"stack":null}
[2026-05-04T18:30:01.780Z] {"timestamp":1777919399000,"level":"DEBUG","args":["[Manus] Debug collector initialized (no rrweb, UI events only)"],"stack":null}
[2026-05-04T18:30:01.780Z] {"timestamp":1777919399021,"level":"DEBUG","args":["[vite] connected."],"stack":null}
[2026-05-04T18:30:01.780Z] {"timestamp":1777919399167,"level":"INFO","args":["%cDownload the React DevTools for a better development experience: https://react.dev/link/react-devtools","font-weight:bold"],"stack":null}
[2026-05-04T18:30:09.625Z] {"timestamp":1777919407611,"level":"DEBUG","args":["[Manus] Debug collector initialized (no rrweb, UI events only)"],"stack":null}
[2026-05-04T18:30:09.625Z] {"timestamp":1777919407628,"level":"DEBUG","args":["[vite] connected."],"stack":null}
[2026-05-04T18:30:09.625Z] {"timestamp":1777919407815,"level":"INFO","args":["%cDownload the React DevTools for a better development experience: https://react.dev/link/react-devtools","font-weight:bold"],"stack":null}
[2026-05-04T18:30:17.576Z] {"timestamp":1777919415561,"level":"DEBUG","args":["[Manus] Debug collector initialized (no rrweb, UI events only)"],"stack":null}
[2026-05-04T18:30:17.576Z] {"timestamp":1777919415583,"level":"DEBUG","args":["[vite] connected."],"stack":null}
[2026-05-04T18:30:17.576Z] {"timestamp":1777919415739,"level":"INFO","args":["%cDownload the React DevTools for a better development experience: https://react.dev/link/react-devtools","font-weight:bold"],"stack":null}
[2026-05-04T18:30:25.304Z] {"timestamp":1777919422860,"level":"DEBUG","args":["[Manus] Debug collector initialized (no rrweb, UI events only)"],"stack":null}
[2026-05-04T18:30:25.304Z] {"timestamp":1777919422878,"level":"DEBUG","args":["[vite] connected."],"stack":null}
[2026-05-04T18:30:25.304Z] {"timestamp":1777919423059,"level":"INFO","args":["%cDownload the React DevTools for a better development experience: https://react.dev/link/react-devtools","font-weight:bold"],"stack":null}
[2026-05-04T18:30:33.035Z] {"timestamp":1777919431010,"level":"DEBUG","args":["[Manus] Debug collector initialized (no rrweb, UI events only)"],"stack":null}
[2026-05-04T18:30:33.035Z] {"timestamp":1777919431033,"level":"DEBUG","args":["[vite] connected."],"stack":null}
[2026-05-04T18:30:33.035Z] {"timestamp":1777919431485,"level":"INFO","args":["%cDownload the React DevTools for a better development experience: https://react.dev/link/react-devtools","font-weight:bold"],"stack":null}
[2026-05-04T18:30:33.035Z] {"timestamp":1777919431818,"level":"WARN","args":["Google Maps JavaScript API has been loaded directly without loading=async. This can result in suboptimal performance. For best-practice loading patterns please see https://goo.gle/js-api-loading"],"stack":null}
[2026-05-04T18:30:41.228Z] {"timestamp":1777919439213,"level":"DEBUG","args":["[Manus] Debug collector initialized (no rrweb, UI events only)"],"stack":null}
[2026-05-04T18:30:41.228Z] {"timestamp":1777919439234,"level":"DEBUG","args":["[vite] connected."],"stack":null}
[2026-05-04T18:30:41.228Z] {"timestamp":1777919439412,"level":"INFO","args":["%cDownload the React DevTools for a better development experience: https://react.dev/link/react-devtools","font-weight:bold"],"stack":null}
[2026-05-04T18:30:56.751Z] {"timestamp":1777919454746,"level":"DEBUG","args":["[Manus] Debug collector initialized (no rrweb, UI events only)"],"stack":null}
[2026-05-04T18:30:56.751Z] {"timestamp":1777919454753,"level":"DEBUG","args":["[vite] connected."],"stack":null}
[2026-05-04T18:30:56.751Z] {"timestamp":1777919454883,"level":"INFO","args":["%cDownload the React DevTools for a better development experience: https://react.dev/link/react-devtools","font-weight:bold"],"stack":null}
[2026-05-04T18:47:08.768Z] {"timestamp":1777920425965,"level":"DEBUG","args":["[Manus] Debug collector initialized (no rrweb, UI events only)"],"stack":null}
[2026-05-04T18:47:08.768Z] {"timestamp":1777920425983,"level":"DEBUG","args":["[vite] connected."],"stack":null}
[2026-05-04T18:47:08.768Z] {"timestamp":1777920426174,"level":"INFO","args":["%cDownload the React DevTools for a better development experience: https://react.dev/link/react-devtools","font-weight:bold"],"stack":null}
[2026-05-04T18:47:21.529Z] {"timestamp":1777920439515,"level":"DEBUG","args":["[Manus] Debug collector initialized (no rrweb, UI events only)"],"stack":null}
[2026-05-04T18:47:21.529Z] {"timestamp":1777920439530,"level":"DEBUG","args":["[vite] connected."],"stack":null}
[2026-05-04T18:47:21.529Z] {"timestamp":1777920439689,"level":"INFO","args":["%cDownload the React DevTools for a better development experience: https://react.dev/link/react-devtools","font-weight:bold"],"stack":null}
[2026-05-04T18:47:35.013Z] {"timestamp":1777920452998,"level":"DEBUG","args":["[Manus] Debug collector initialized (no rrweb, UI events only)"],"stack":null}
[2026-05-04T18:47:35.013Z] {"timestamp":1777920453021,"level":"DEBUG","args":["[vite] connected."],"stack":null}
[2026-05-04T18:47:35.013Z] {"timestamp":1777920453605,"level":"INFO","args":["%cDownload the React DevTools for a better development experience: https://react.dev/link/react-devtools","font-weight:bold"],"stack":null}
[2026-05-04T18:47:49.730Z] {"timestamp":1777920467455,"level":"DEBUG","args":["[Manus] Debug collector initialized (no rrweb, UI events only)"],"stack":null}
[2026-05-04T18:47:49.730Z] {"timestamp":1777920467473,"level":"DEBUG","args":["[vite] connected."],"stack":null}
[2026-05-04T18:47:49.730Z] {"timestamp":1777920467676,"level":"INFO","args":["%cDownload the React DevTools for a better development experience: https://react.dev/link/react-devtools","font-weight:bold"],"stack":null}
[2026-05-04T18:48:05.039Z] {"timestamp":1777920483026,"level":"DEBUG","args":["[Manus] Debug collector initialized (no rrweb, UI events only)"],"stack":null}
[2026-05-04T18:48:05.039Z] {"timestamp":1777920483043,"level":"DEBUG","args":["[vite] connected."],"stack":null}
[2026-05-04T18:48:05.039Z] {"timestamp":1777920483223,"level":"INFO","args":["%cDownload the React DevTools for a better development experience: https://react.dev/link/react-devtools","font-weight:bold"],"stack":null}
[2026-05-04T18:48:19.858Z] {"timestamp":1777920497842,"level":"DEBUG","args":["[Manus] Debug collector initialized (no rrweb, UI events only)"],"stack":null}
[2026-05-04T18:48:19.859Z] {"timestamp":1777920497858,"level":"DEBUG","args":["[vite] connected."],"stack":null}
[2026-05-04T18:48:19.859Z] {"timestamp":1777920498045,"level":"INFO","args":["%cDownload the React DevTools for a better development experience: https://react.dev/link/react-devtools","font-weight:bold"],"stack":null}
[2026-05-04T18:48:19.859Z] {"timestamp":1777920498439,"level":"WARN","args":["Google Maps JavaScript API has been loaded directly without loading=async. This can result in suboptimal performance. For best-practice loading patterns please see https://goo.gle/js-api-loading"],"stack":null}
[2026-05-04T18:48:29.338Z] {"timestamp":1777920507315,"level":"DEBUG","args":["[Manus] Debug collector initialized (no rrweb, UI events only)"],"stack":null}
[2026-05-04T18:48:29.338Z] {"timestamp":1777920507330,"level":"DEBUG","args":["[vite] connected."],"stack":null}
[2026-05-04T18:48:29.338Z] {"timestamp":1777920507519,"level":"INFO","args":["%cDownload the React DevTools for a better development experience: https://react.dev/link/react-devtools","font-weight:bold"],"stack":null}
[2026-05-04T18:49:22.452Z] {"timestamp":1777920558565,"level":"DEBUG","args":["[Manus] Debug collector initialized (no rrweb, UI events only)"],"stack":null}
[2026-05-04T18:49:22.452Z] {"timestamp":1777920558854,"level":"DEBUG","args":["[vite] connected."],"stack":null}
[2026-05-04T20:28:48.365Z] {"timestamp":1777926528264,"level":"LOG","args":["[vite] server connection lost. Polling for restart..."],"stack":null}
[2026-05-04T20:28:51.687Z] {"timestamp":1777926528631,"level":"DEBUG","args":["[Manus] Debug collector initialized (no rrweb, UI events only)"],"stack":null}
[2026-05-04T20:28:51.687Z] {"timestamp":1777926528649,"level":"DEBUG","args":["[vite] connected."],"stack":null}
[2026-05-04T20:28:51.687Z] {"timestamp":1777926528921,"level":"INFO","args":["%cDownload the React DevTools for a better development experience: https://react.dev/link/react-devtools","font-weight:bold"],"stack":null}
[2026-05-04T20:29:35.960Z] {"timestamp":1777926575227,"level":"DEBUG","args":["[vite]","hot updated: /src/pages/Home.tsx"],"stack":null}
[2026-05-04T20:29:35.960Z] {"timestamp":1777926575227,"level":"DEBUG","args":["[vite]","hot updated: /src/index.css"],"stack":null}
[2026-05-04T20:29:46.543Z] {"timestamp":1777926583380,"level":"DEBUG","args":["[Manus] Debug collector initialized (no rrweb, UI events only)"],"stack":null}
[2026-05-04T20:29:46.543Z] {"timestamp":1777926583645,"level":"DEBUG","args":["[vite] connected."],"stack":null}
[2026-05-04T20:30:01.946Z] {"timestamp":1777926601399,"level":"DEBUG","args":["[vite]","hot updated: /src/pages/About.tsx"],"stack":null}
[2026-05-04T20:30:01.946Z] {"timestamp":1777926601400,"level":"DEBUG","args":["[vite]","hot updated: /src/index.css"],"stack":null}
[2026-05-04T20:30:06.549Z] {"timestamp":1777926603162,"level":"DEBUG","args":["[Manus] Debug collector initialized (no rrweb, UI events only)"],"stack":null}
[2026-05-04T20:30:06.549Z] {"timestamp":1777926603415,"level":"DEBUG","args":["[vite] connected."],"stack":null}
[2026-05-04T20:30:11.750Z] {"timestamp":1777926611209,"level":"DEBUG","args":["[vite]","hot updated: /src/pages/Services.tsx"],"stack":null}
[2026-05-04T20:30:11.750Z] {"timestamp":1777926611209,"level":"DEBUG","args":["[vite]","hot updated: /src/index.css"],"stack":null}
[2026-05-04T20:30:16.543Z] {"timestamp":1777926612605,"level":"DEBUG","args":["[Manus] Debug collector initialized (no rrweb, UI events only)"],"stack":null}
[2026-05-04T20:30:16.543Z] {"timestamp":1777926612883,"level":"DEBUG","args":["[vite] connected."],"stack":null}
[2026-05-04T20:30:23.816Z] {"timestamp":1777926623278,"level":"DEBUG","args":["[vite]","hot updated: /src/pages/Services.tsx"],"stack":null}
[2026-05-04T20:30:23.816Z] {"timestamp":1777926623278,"level":"DEBUG","args":["[vite]","hot updated: /src/index.css"],"stack":null}
[2026-05-04T20:30:28.546Z] {"timestamp":1777926624590,"level":"DEBUG","args":["[Manus] Debug collector initialized (no rrweb, UI events only)"],"stack":null}
[2026-05-04T20:30:28.546Z] {"timestamp":1777926624853,"level":"DEBUG","args":["[vite] connected."],"stack":null}
[2026-05-04T20:30:47.683Z] {"timestamp":1777926646439,"level":"DEBUG","args":["[vite]","hot updated: /src/pages/Projects.tsx"],"stack":null}
[2026-05-04T20:30:47.683Z] {"timestamp":1777926646439,"level":"DEBUG","args":["[vite]","hot updated: /src/index.css"],"stack":null}
[2026-05-04T20:30:51.549Z] {"timestamp":1777926647759,"level":"DEBUG","args":["[Manus] Debug collector initialized (no rrweb, UI events only)"],"stack":null}
[2026-05-04T20:30:51.549Z] {"timestamp":1777926648016,"level":"DEBUG","args":["[vite] connected."],"stack":null}
[2026-05-04T20:30:57.549Z] {"timestamp":1777926656123,"level":"DEBUG","args":["[vite]","hot updated: /src/pages/Contact.tsx"],"stack":null}
[2026-05-04T20:30:57.549Z] {"timestamp":1777926656123,"level":"DEBUG","args":["[vite]","hot updated: /src/index.css"],"stack":null}
[2026-05-04T20:30:57.727Z] {"timestamp":1777926657056,"level":"DEBUG","args":["[vite]","hot updated: /src/pages/Contact.tsx"],"stack":null}
[2026-05-04T20:30:57.727Z] {"timestamp":1777926657056,"level":"DEBUG","args":["[vite]","hot updated: /src/index.css"],"stack":null}
[2026-05-04T20:31:01.543Z] {"timestamp":1777926658513,"level":"DEBUG","args":["[Manus] Debug collector initialized (no rrweb, UI events only)"],"stack":null}
[2026-05-04T20:31:01.543Z] {"timestamp":1777926658774,"level":"DEBUG","args":["[vite] connected."],"stack":null}
[2026-05-04T20:31:19.541Z] {"timestamp":1777926677747,"level":"DEBUG","args":["[vite]","hot updated: /src/pages/Contact.tsx"],"stack":null}
[2026-05-04T20:31:19.541Z] {"timestamp":1777926677747,"level":"DEBUG","args":["[vite]","hot updated: /src/index.css"],"stack":null}
[2026-05-04T20:31:19.686Z] {"timestamp":1777926678684,"level":"DEBUG","args":["[vite]","hot updated: /src/pages/Contact.tsx"],"stack":null}
[2026-05-04T20:31:19.686Z] {"timestamp":1777926678684,"level":"DEBUG","args":["[vite]","hot updated: /src/index.css"],"stack":null}
[2026-05-04T20:31:23.551Z] {"timestamp":1777926680222,"level":"DEBUG","args":["[Manus] Debug collector initialized (no rrweb, UI events only)"],"stack":null}
[2026-05-04T20:31:23.551Z] {"timestamp":1777926680483,"level":"DEBUG","args":["[vite] connected."],"stack":null}
[2026-05-04T20:31:31.683Z] {"timestamp":1777926690433,"level":"DEBUG","args":["[vite]","hot updated: /src/index.css"],"stack":null}
[2026-05-04T20:31:31.683Z] {"timestamp":1777926690433,"level":"DEBUG","args":["[vite]","hot updated: /src/components/Footer.tsx"],"stack":null}
[2026-05-04T20:31:35.542Z] {"timestamp":1777926691724,"level":"DEBUG","args":["[Manus] Debug collector initialized (no rrweb, UI events only)"],"stack":null}
[2026-05-04T20:31:35.542Z] {"timestamp":1777926691976,"level":"DEBUG","args":["[vite] connected."],"stack":null}
[2026-05-04T20:31:56.373Z] {"timestamp":1777926714359,"level":"DEBUG","args":["[Manus] Debug collector initialized (no rrweb, UI events only)"],"stack":null}
[2026-05-04T20:31:56.373Z] {"timestamp":1777926714381,"level":"DEBUG","args":["[vite] connected."],"stack":null}
[2026-05-04T20:31:56.373Z] {"timestamp":1777926714596,"level":"INFO","args":["%cDownload the React DevTools for a better development experience: https://react.dev/link/react-devtools","font-weight:bold"],"stack":null}
[2026-05-04T20:32:04.414Z] {"timestamp":1777926722402,"level":"DEBUG","args":["[Manus] Debug collector initialized (no rrweb, UI events only)"],"stack":null}
[2026-05-04T20:32:04.414Z] {"timestamp":1777926722422,"level":"DEBUG","args":["[vite] connected."],"stack":null}
[2026-05-04T20:32:04.414Z] {"timestamp":1777926722579,"level":"INFO","args":["%cDownload the React DevTools for a better development experience: https://react.dev/link/react-devtools","font-weight:bold"],"stack":null}
[2026-05-04T20:32:11.004Z] {"timestamp":1777926728991,"level":"DEBUG","args":["[Manus] Debug collector initialized (no rrweb, UI events only)"],"stack":null}
[2026-05-04T20:32:11.004Z] {"timestamp":1777926729023,"level":"DEBUG","args":["[vite] connected."],"stack":null}
[2026-05-04T20:32:11.004Z] {"timestamp":1777926729229,"level":"INFO","args":["%cDownload the React DevTools for a better development experience: https://react.dev/link/react-devtools","font-weight:bold"],"stack":null}
[2026-05-04T20:32:17.828Z] {"timestamp":1777926735812,"level":"DEBUG","args":["[Manus] Debug collector initialized (no rrweb, UI events only)"],"stack":null}
[2026-05-04T20:32:17.828Z] {"timestamp":1777926735827,"level":"DEBUG","args":["[vite] connected."],"stack":null}
[2026-05-04T20:32:17.828Z] {"timestamp":1777926736003,"level":"INFO","args":["%cDownload the React DevTools for a better development experience: https://react.dev/link/react-devtools","font-weight:bold"],"stack":null}
[2026-05-04T20:32:17.828Z] {"timestamp":1777926736357,"level":"WARN","args":["Google Maps JavaScript API has been loaded directly without loading=async. This can result in suboptimal performance. For best-practice loading patterns please see https://goo.gle/js-api-loading"],"stack":null}
[2026-05-04T20:32:24.783Z] {"timestamp":1777926742691,"level":"DEBUG","args":["[Manus] Debug collector initialized (no rrweb, UI events only)"],"stack":null}
[2026-05-04T20:32:24.783Z] {"timestamp":1777926742706,"level":"DEBUG","args":["[vite] connected."],"stack":null}
[2026-05-04T20:32:24.783Z] {"timestamp":1777926742903,"level":"INFO","args":["%cDownload the React DevTools for a better development experience: https://react.dev/link/react-devtools","font-weight:bold"],"stack":null}
[2026-05-04T20:32:39.065Z] {"timestamp":1777926757060,"level":"DEBUG","args":["[Manus] Debug collector initialized (no rrweb, UI events only)"],"stack":null}
[2026-05-04T20:32:39.065Z] {"timestamp":1777926757069,"level":"DEBUG","args":["[vite] connected."],"stack":null}
[2026-05-04T20:32:39.065Z] {"timestamp":1777926757173,"level":"INFO","args":["%cDownload the React DevTools for a better development experience: https://react.dev/link/react-devtools","font-weight:bold"],"stack":null}
[2026-05-06T22:17:57.185Z] {"timestamp":1778105877110,"level":"LOG","args":["[vite] server connection lost. Polling for restart..."],"stack":null}
[2026-05-06T22:17:59.467Z] {"timestamp":1778105877450,"level":"DEBUG","args":["[Manus] Debug collector initialized (no rrweb, UI events only)"],"stack":null}
[2026-05-06T22:17:59.467Z] {"timestamp":1778105877469,"level":"DEBUG","args":["[vite] connected."],"stack":null}
[2026-05-06T22:17:59.467Z] {"timestamp":1778105877777,"level":"INFO","args":["%cDownload the React DevTools for a better development experience: https://react.dev/link/react-devtools","font-weight:bold"],"stack":null}
[2026-05-07T00:21:03.597Z] {"timestamp":1778113263342,"level":"LOG","args":["[vite] server connection lost. Polling for restart..."],"stack":null}
[2026-05-07T00:21:07.509Z] {"timestamp":1778113263886,"level":"DEBUG","args":["[Manus] Debug collector initialized (no rrweb, UI events only)"],"stack":null}
[2026-05-07T00:21:07.509Z] {"timestamp":1778113263898,"level":"DEBUG","args":["[vite] connected."],"stack":null}
[2026-05-07T00:21:07.509Z] {"timestamp":1778113264119,"level":"INFO","args":["%cDownload the React DevTools for a better development experience: https://react.dev/link/react-devtools","font-weight:bold"],"stack":null}
[2026-05-07T00:28:17.505Z] {"timestamp":1778113695596,"level":"DEBUG","args":["[vite]","hot updated: /src/pages/Contact.tsx"],"stack":null}
[2026-05-07T00:28:17.505Z] {"timestamp":1778113695596,"level":"DEBUG","args":["[vite]","hot updated: /src/index.css"],"stack":null}
