[2026-04-14T18:40:58.112Z] Starting dev server with command: pnpm run dev
[2026-04-14T18:40:59.027Z] 
[2026-04-14T18:40:59.027Z] > sgr-design@1.0.0 dev /home/ubuntu/sgr-design
[2026-04-14T18:40:59.028Z] > vite --host
[2026-04-14T18:40:59.028Z] 
[2026-04-14T18:40:59.624Z] 
[2026-04-14T18:40:59.625Z] VITE v7.1.9  ready in 557 ms
[2026-04-14T18:40:59.625Z] 
[2026-04-14T18:40:59.625Z] ➜  Local:   http://localhost:3000/
[2026-04-14T18:40:59.626Z] ➜  Network: http://169.254.0.21:3000/
[2026-04-14T18:42:39.312Z] [baseline-browser-mapping] The data in this module is over two months old.  To ensure accurate Baseline data, please update: `npm i baseline-browser-mapping@latest -D`
[2026-04-14T18:54:13.269Z] 2:54:13 PM [vite] (client) hmr update /src/index.css, /src/pages/About.tsx, /src/pages/Services.tsx, /src/pages/Home.tsx, /src/pages/Testimonials.tsx, /src/pages/Projects.tsx
[2026-04-14T18:54:40.371Z] 2:54:40 PM [vite] (client) hmr update /src/pages/Projects.tsx, /src/index.css
[2026-04-14T18:58:40.058Z] 2:58:40 PM [vite] (client) hmr update /src/pages/Projects.tsx, /src/index.css
[2026-04-14T19:15:47.691Z] 3:15:47 PM [vite] (client) hmr update /src/pages/Services.tsx, /src/index.css
[2026-04-14T19:16:36.691Z] 3:16:36 PM [vite] (client) hmr update /src/pages/Home.tsx, /src/index.css
[2026-04-14T19:54:16.304Z] 3:54:16 PM [vite] (client) hmr update /src/pages/About.tsx, /src/index.css
[2026-04-15T14:53:53.382Z] 10:53:53 AM [vite] (client) hmr update /src/pages/About.tsx, /src/index.css
[2026-04-15T15:06:14.804Z] 11:06:14 AM [vite] (client) hmr update /src/pages/About.tsx, /src/index.css
[2026-04-15T15:06:48.365Z] 11:06:48 AM [vite] (client) hmr update /src/pages/Services.tsx, /src/index.css
[2026-04-17T22:19:11.468Z] Dev server process group stopped
[2026-04-17T22:19:14.508Z] Starting dev server with command: pnpm run dev
[2026-04-17T22:19:15.353Z] 
[2026-04-17T22:19:15.354Z] > sgr-design@1.0.0 dev /home/ubuntu/sgr-design
[2026-04-17T22:19:15.355Z] > vite --host
[2026-04-17T22:19:15.355Z] 
[2026-04-17T22:19:15.967Z] 
[2026-04-17T22:19:15.967Z] VITE v7.1.9  ready in 575 ms
[2026-04-17T22:19:15.968Z] 
[2026-04-17T22:19:15.968Z] ➜  Local:   http://localhost:3000/
[2026-04-17T22:19:15.969Z] ➜  Network: http://169.254.0.21:3000/
[2026-04-17T22:19:17.201Z] [baseline-browser-mapping] The data in this module is over two months old.  To ensure accurate Baseline data, please update: `npm i baseline-browser-mapping@latest -D`
[2026-04-17T22:20:18.895Z] 6:20:18 PM [vite] (client) hmr update /src/pages/Testimonials.tsx, /src/index.css
[2026-04-21T02:55:30.280Z] 10:55:30 PM [vite] (client) hmr update /src/pages/VideoTours.tsx, /src/index.css
[2026-04-21T03:09:40.112Z] 11:09:40 PM [vite] (client) hmr update /src/pages/VideoTours.tsx, /src/index.css
[2026-04-22T03:10:04.546Z] 11:10:04 PM [vite] (client) hmr update /src/index.css, /src/pages/Home.tsx, /src/pages/Testimonials.tsx, /src/pages/Services.tsx, /src/pages/Projects.tsx, /src/pages/About.tsx
[2026-04-22T03:10:13.770Z] 11:10:13 PM [vite] (client) hmr update /src/pages/Projects.tsx, /src/index.css
[2026-05-04T05:24:46.221Z] 1:24:46 AM [vite] (client) hmr update /src/pages/Testimonials.tsx, /src/index.css
[2026-05-04T05:25:01.458Z] 1:25:01 AM [vite] (client) hmr update /src/pages/Testimonials.tsx, /src/index.css
[2026-05-04T15:42:37.989Z] 11:42:37 AM [vite] (client) hmr update /src/pages/Home.tsx, /src/index.css
[2026-05-04T15:42:52.673Z] 11:42:52 AM [vite] (client) hmr update /src/pages/Home.tsx, /src/index.css
[2026-05-04T15:43:01.555Z] 11:43:01 AM [vite] (client) hmr update /src/pages/Home.tsx, /src/index.css
[2026-05-04T15:43:20.598Z] 11:43:20 AM [vite] (client) hmr update /src/pages/About.tsx, /src/index.css
[2026-05-04T15:43:38.410Z] 11:43:38 AM [vite] (client) hmr update /src/pages/Services.tsx, /src/index.css
[2026-05-04T15:44:02.020Z] 11:44:02 AM [vite] (client) hmr update /src/pages/Projects.tsx, /src/index.css
[2026-05-04T15:44:35.845Z] 11:44:35 AM [vite] (client) hmr update /src/pages/Home.tsx, /src/index.css
[2026-05-04T15:44:51.947Z] 11:44:51 AM [vite] (client) hmr update /src/pages/Contact.tsx, /src/index.css
[2026-05-04T15:45:07.375Z] 11:45:07 AM [vite] (client) hmr update /src/pages/Contact.tsx, /src/index.css
[2026-05-04T18:23:58.856Z] 2:23:58 PM [vite] (client) hmr update /src/pages/Home.tsx, /src/index.css
[2026-05-04T18:25:48.641Z] 2:25:48 PM [vite] (client) hmr update /src/index.css, /src/components/Navigation.tsx
[2026-05-04T18:26:02.435Z] 2:26:02 PM [vite] (client) hmr update /src/index.css, /src/components/Footer.tsx
[2026-05-04T18:26:12.244Z] 2:26:12 PM [vite] (client) page reload index.html
[2026-05-04T18:26:31.076Z] 2:26:31 PM [vite] (client) hmr update /src/pages/Services.tsx, /src/index.css
[2026-05-04T18:27:17.167Z] 2:27:17 PM [vite] (client) hmr update /src/pages/Services.tsx, /src/index.css
[2026-05-04T18:27:53.995Z] 2:27:53 PM [vite] (client) hmr update /src/pages/Projects.tsx, /src/index.css
[2026-05-04T18:28:11.343Z] 2:28:11 PM [vite] (client) hmr update /src/pages/VideoTours.tsx, /src/index.css
[2026-05-04T18:28:34.094Z] 2:28:34 PM [vite] (client) hmr update /src/pages/About.tsx, /src/index.css
[2026-05-04T18:28:49.090Z] 2:28:49 PM [vite] (client) hmr update /src/pages/Contact.tsx, /src/index.css
[2026-05-04T18:29:05.001Z] 2:29:05 PM [vite] (client) hmr update /src/pages/Contact.tsx, /src/index.css
[2026-05-04T18:29:21.623Z] 2:29:21 PM [vite] (client) hmr update /src/pages/Testimonials.tsx, /src/index.css
[2026-05-04T18:29:49.031Z] 2:29:49 PM [vite] (client) hmr update /src/pages/Services.tsx, /src/index.css
[2026-05-04T20:29:34.995Z] 4:29:34 PM [vite] (client) hmr update /src/pages/Home.tsx, /src/index.css
[2026-05-04T20:30:01.318Z] 4:30:01 PM [vite] (client) hmr update /src/pages/About.tsx, /src/index.css
[2026-05-04T20:30:11.072Z] 4:30:11 PM [vite] (client) hmr update /src/pages/Services.tsx, /src/index.css
[2026-05-04T20:30:23.180Z] 4:30:23 PM [vite] (client) hmr update /src/pages/Services.tsx, /src/index.css
[2026-05-04T20:30:46.360Z] 4:30:46 PM [vite] (client) hmr update /src/pages/Projects.tsx, /src/index.css
[2026-05-04T20:30:56.920Z] 4:30:56 PM [vite] (client) hmr update /src/pages/Contact.tsx, /src/index.css
[2026-05-04T20:31:18.545Z] 4:31:18 PM [vite] (client) hmr update /src/pages/Contact.tsx, /src/index.css
[2026-05-04T20:31:30.360Z] 4:31:30 PM [vite] (client) hmr update /src/index.css, /src/components/Footer.tsx
[2026-05-07T00:28:15.479Z] 8:28:15 PM [vite] (client) hmr update /src/pages/Contact.tsx, /src/index.css
[2026-05-07T00:28:49.889Z] 8:28:49 PM [vite] (client) hmr update /src/pages/Contact.tsx, /src/index.css
[2026-05-07T00:28:49.970Z] 8:28:49 PM [vite] Internal server error: Failed to resolve import "@/components/PageLayout" from "client/src/pages/Contact.tsx". Does the file exist?
[2026-05-07T00:28:49.971Z] Plugin: vite:import-analysis
[2026-05-07T00:28:49.971Z] File: /home/ubuntu/sgr-design/client/src/pages/Contact.tsx:9:23
[2026-05-07T00:28:49.972Z] 4  |  import { Phone, Mail, MapPin, Instagram, Send } from "lucide-react";
[2026-05-07T00:28:49.972Z] 5  |  import { toast } from "sonner";
[2026-05-07T00:28:49.972Z] 6  |  import PageLayout from "@/components/PageLayout";
[2026-05-07T00:28:49.973Z] |                          ^
[2026-05-07T00:28:49.973Z] 7  |  import ScrollReveal from "@/components/ScrollReveal";
[2026-05-07T00:28:49.974Z] 8  |  import { MapView } from "@/components/Map";
[2026-05-07T00:28:49.974Z] at TransformPluginContext._formatLog (file:///home/ubuntu/sgr-design/node_modules/.pnpm/vite@7.1.9_@types+node@24.7.0_jiti@2.6.1_lightningcss@1.30.1_tsx@4.20.6/node_modules/vite/dist/node/chunks/dep-Chhhsdoe.js:31219:43)
[2026-05-07T00:28:49.975Z] at TransformPluginContext.error (file:///home/ubuntu/sgr-design/node_modules/.pnpm/vite@7.1.9_@types+node@24.7.0_jiti@2.6.1_lightningcss@1.30.1_tsx@4.20.6/node_modules/vite/dist/node/chunks/dep-Chhhsdoe.js:31216:14)
[2026-05-07T00:28:49.976Z] at normalizeUrl (file:///home/ubuntu/sgr-design/node_modules/.pnpm/vite@7.1.9_@types+node@24.7.0_jiti@2.6.1_lightningcss@1.30.1_tsx@4.20.6/node_modules/vite/dist/node/chunks/dep-Chhhsdoe.js:29699:18)
[2026-05-07T00:28:49.977Z] at process.processTicksAndRejections (node:internal/process/task_queues:105:5)
[2026-05-07T00:28:49.980Z] at async file:///home/ubuntu/sgr-design/node_modules/.pnpm/vite@7.1.9_@types+node@24.7.0_jiti@2.6.1_lightningcss@1.30.1_tsx@4.20.6/node_modules/vite/dist/node/chunks/dep-Chhhsdoe.js:29757:32
[2026-05-07T00:28:49.982Z] at async Promise.all (index 4)
[2026-05-07T00:28:49.982Z] at async TransformPluginContext.transform (file:///home/ubuntu/sgr-design/node_modules/.pnpm/vite@7.1.9_@types+node@24.7.0_jiti@2.6.1_lightningcss@1.30.1_tsx@4.20.6/node_modules/vite/dist/node/chunks/dep-Chhhsdoe.js:29725:4)
[2026-05-07T00:28:49.983Z] at async EnvironmentPluginContainer.transform (file:///home/ubuntu/sgr-design/node_modules/.pnpm/vite@7.1.9_@types+node@24.7.0_jiti@2.6.1_lightningcss@1.30.1_tsx@4.20.6/node_modules/vite/dist/node/chunks/dep-Chhhsdoe.js:31018:14)
[2026-05-07T00:28:49.984Z] at async loadAndTransform (file:///home/ubuntu/sgr-design/node_modules/.pnpm/vite@7.1.9_@types+node@24.7.0_jiti@2.6.1_lightningcss@1.30.1_tsx@4.20.6/node_modules/vite/dist/node/chunks/dep-Chhhsdoe.js:26143:26)
[2026-05-07T00:28:49.984Z] at async viteTransformMiddleware (file:///home/ubuntu/sgr-design/node_modules/.pnpm/vite@7.1.9_@types+node@24.7.0_jiti@2.6.1_lightningcss@1.30.1_tsx@4.20.6/node_modules/vite/dist/node/chunks/dep-Chhhsdoe.js:27221:20)
[2026-05-07T00:28:49.985Z] 8:28:49 PM [vite] changed tsconfig file detected: /home/ubuntu/sgr-design/tsconfig.json - Clearing cache and forcing full-reload to ensure TypeScript is compiled with updated config values.
[2026-05-07T00:28:49.985Z] 8:28:49 PM [vite] vite.config.ts changed, restarting server...
[2026-05-07T00:28:49.986Z] 8:28:49 PM [vite] (client) page reload index.html
[2026-05-07T00:28:49.986Z] 8:28:49 PM [vite] (client) page reload public/.gitkeep
[2026-05-07T00:28:49.987Z] 8:28:49 PM [vite] (client) page reload public/__manus__/debug-collector.js
[2026-05-07T00:28:49.987Z] 8:28:49 PM [vite] (client) page reload src/App.tsx
[2026-05-07T00:28:49.988Z] 8:28:49 PM [vite] (client) page reload src/components/ErrorBoundary.tsx
[2026-05-07T00:28:49.988Z] 8:28:49 PM [vite] (client) page reload src/components/Footer.tsx
[2026-05-07T00:28:49.989Z] 8:28:49 PM [vite] (client) page reload src/components/ManusDialog.tsx
[2026-05-07T00:28:49.989Z] 8:28:49 PM [vite] (client) page reload src/components/Map.tsx
[2026-05-07T00:28:49.990Z] 8:28:49 PM [vite] (client) page reload src/components/Navigation.tsx
[2026-05-07T00:28:49.990Z] 8:28:49 PM [vite] (client) page reload src/components/PageLayout.tsx
[2026-05-07T00:28:49.991Z] 8:28:49 PM [vite] (client) page reload src/components/ScrollReveal.tsx
[2026-05-07T00:28:49.991Z] 8:28:49 PM [vite] (client) page reload src/components/ui/accordion.tsx
[2026-05-07T00:28:49.992Z] 8:28:49 PM [vite] (client) page reload src/components/ui/alert-dialog.tsx
[2026-05-07T00:28:49.993Z] 8:28:49 PM [vite] (client) page reload src/components/ui/alert.tsx
[2026-05-07T00:28:49.993Z] 8:28:49 PM [vite] (client) page reload src/components/ui/aspect-ratio.tsx
[2026-05-07T00:28:49.994Z] 8:28:49 PM [vite] (client) page reload src/components/ui/avatar.tsx
[2026-05-07T00:28:49.994Z] 8:28:49 PM [vite] (client) page reload src/components/ui/badge.tsx
[2026-05-07T00:28:49.995Z] 8:28:49 PM [vite] (client) page reload src/components/ui/breadcrumb.tsx
[2026-05-07T00:28:49.995Z] 8:28:49 PM [vite] (client) page reload src/components/ui/button-group.tsx
[2026-05-07T00:28:49.996Z] 8:28:49 PM [vite] (client) page reload src/components/ui/button.tsx
[2026-05-07T00:28:49.996Z] 8:28:49 PM [vite] (client) page reload src/components/ui/calendar.tsx
[2026-05-07T00:28:49.997Z] 8:28:49 PM [vite] (client) page reload src/components/ui/card.tsx
[2026-05-07T00:28:49.997Z] 8:28:49 PM [vite] (client) page reload src/components/ui/carousel.tsx
[2026-05-07T00:28:49.998Z] 8:28:49 PM [vite] (client) page reload src/components/ui/chart.tsx
[2026-05-07T00:28:49.998Z] 8:28:49 PM [vite] (client) page reload src/components/ui/checkbox.tsx
[2026-05-07T00:28:49.999Z] 8:28:49 PM [vite] (client) page reload src/components/ui/collapsible.tsx
[2026-05-07T00:28:49.999Z] 8:28:49 PM [vite] (client) page reload src/components/ui/command.tsx
[2026-05-07T00:28:50.000Z] 8:28:49 PM [vite] (client) page reload src/components/ui/context-menu.tsx
[2026-05-07T00:28:50.000Z] 8:28:49 PM [vite] (client) page reload src/components/ui/dialog.tsx
[2026-05-07T00:28:50.001Z] 8:28:49 PM [vite] (client) page reload src/components/ui/drawer.tsx
[2026-05-07T00:28:50.001Z] 8:28:49 PM [vite] (client) page reload src/components/ui/dropdown-menu.tsx
[2026-05-07T00:28:50.002Z] 8:28:49 PM [vite] (client) page reload src/components/ui/empty.tsx
[2026-05-07T00:28:50.002Z] 8:28:49 PM [vite] (client) page reload src/components/ui/field.tsx
[2026-05-07T00:28:50.002Z] 8:28:49 PM [vite] (client) page reload src/components/ui/form.tsx
[2026-05-07T00:28:50.003Z] 8:28:49 PM [vite] (client) page reload src/components/ui/hover-card.tsx
[2026-05-07T00:28:50.003Z] 8:28:49 PM [vite] (client) page reload src/components/ui/input-group.tsx
[2026-05-07T00:28:50.004Z] 8:28:49 PM [vite] (client) page reload src/components/ui/input-otp.tsx
[2026-05-07T00:28:50.004Z] 8:28:49 PM [vite] (client) page reload src/components/ui/input.tsx
[2026-05-07T00:28:50.004Z] 8:28:49 PM [vite] (client) page reload src/components/ui/item.tsx
[2026-05-07T00:28:50.005Z] 8:28:49 PM [vite] (client) page reload src/components/ui/kbd.tsx
[2026-05-07T00:28:50.005Z] 8:28:49 PM [vite] (client) page reload src/components/ui/label.tsx
[2026-05-07T00:28:50.005Z] 8:28:49 PM [vite] (client) page reload src/components/ui/menubar.tsx
[2026-05-07T00:28:50.006Z] 8:28:49 PM [vite] (client) page reload src/components/ui/navigation-menu.tsx
[2026-05-07T00:28:50.006Z] 8:28:49 PM [vite] (client) page reload src/components/ui/pagination.tsx
[2026-05-07T00:28:50.006Z] 8:28:49 PM [vite] (client) page reload src/components/ui/popover.tsx
[2026-05-07T00:28:50.007Z] 8:28:49 PM [vite] (client) page reload src/components/ui/progress.tsx
[2026-05-07T00:28:50.007Z] 8:28:49 PM [vite] (client) page reload src/components/ui/radio-group.tsx
[2026-05-07T00:28:50.007Z] 8:28:49 PM [vite] (client) page reload src/components/ui/resizable.tsx
[2026-05-07T00:28:50.008Z] 8:28:49 PM [vite] (client) page reload src/components/ui/scroll-area.tsx
[2026-05-07T00:28:50.008Z] 8:28:49 PM [vite] (client) page reload src/components/ui/select.tsx
[2026-05-07T00:28:50.009Z] 8:28:49 PM [vite] (client) page reload src/components/ui/separator.tsx
[2026-05-07T00:28:50.009Z] 8:28:49 PM [vite] (client) page reload src/components/ui/sheet.tsx
[2026-05-07T00:28:50.009Z] 8:28:49 PM [vite] (client) page reload src/components/ui/sidebar.tsx
[2026-05-07T00:28:50.010Z] 8:28:49 PM [vite] (client) page reload src/components/ui/skeleton.tsx
[2026-05-07T00:28:50.010Z] 8:28:49 PM [vite] (client) page reload src/components/ui/slider.tsx
[2026-05-07T00:28:50.010Z] 8:28:49 PM [vite] (client) page reload src/components/ui/sonner.tsx
[2026-05-07T00:28:50.011Z] 8:28:49 PM [vite] (client) page reload src/components/ui/spinner.tsx
[2026-05-07T00:28:50.011Z] 8:28:49 PM [vite] (client) page reload src/components/ui/switch.tsx
[2026-05-07T00:28:50.012Z] 8:28:49 PM [vite] (client) page reload src/components/ui/table.tsx
[2026-05-07T00:28:50.012Z] 8:28:49 PM [vite] (client) page reload src/components/ui/tabs.tsx
[2026-05-07T00:28:50.012Z] 8:28:49 PM [vite] (client) page reload src/components/ui/textarea.tsx
[2026-05-07T00:28:50.013Z] 8:28:49 PM [vite] (client) page reload src/components/ui/toggle-group.tsx
[2026-05-07T00:28:50.013Z] 8:28:49 PM [vite] (client) page reload src/components/ui/toggle.tsx
[2026-05-07T00:28:50.013Z] 8:28:49 PM [vite] (client) page reload src/components/ui/tooltip.tsx
[2026-05-07T00:28:50.014Z] 8:28:49 PM [vite] (client) page reload src/const.ts
[2026-05-07T00:28:50.014Z] 8:28:49 PM [vite] (client) page reload src/contexts/ThemeContext.tsx
[2026-05-07T00:28:50.014Z] 8:28:49 PM [vite] (client) page reload src/hooks/useComposition.ts
[2026-05-07T00:28:50.015Z] 8:28:49 PM [vite] (client) page reload src/hooks/useMobile.tsx
[2026-05-07T00:28:50.015Z] 8:28:49 PM [vite] (client) page reload src/hooks/usePersistFn.ts
[2026-05-07T00:28:50.016Z] 8:28:49 PM [vite] (client) hmr update /src/index.css
[2026-05-07T00:28:50.016Z] 8:28:49 PM [vite] (client) page reload src/lib/images.ts
[2026-05-07T00:28:50.017Z] 8:28:49 PM [vite] (client) page reload src/lib/utils.ts
[2026-05-07T00:28:50.017Z] 8:28:49 PM [vite] (client) page reload src/main.tsx
[2026-05-07T00:28:50.018Z] 8:28:49 PM [vite] (client) page reload src/pages/About.tsx
[2026-05-07T00:28:50.018Z] 8:28:49 PM [vite] (client) page reload src/pages/Home.tsx
[2026-05-07T00:28:50.019Z] 8:28:49 PM [vite] (client) page reload src/pages/NotFound.tsx
[2026-05-07T00:28:50.019Z] 8:28:49 PM [vite] (client) page reload src/pages/Projects.tsx
[2026-05-07T00:28:50.020Z] 8:28:49 PM [vite] (client) page reload src/pages/Services.tsx
[2026-05-07T00:28:50.020Z] 8:28:49 PM [vite] (client) page reload src/pages/Testimonials.tsx
[2026-05-07T00:28:50.020Z] 8:28:49 PM [vite] (client) page reload src/pages/VideoTours.tsx
[2026-05-07T00:28:50.037Z] 8:28:50 PM [vite] server restarted.
[2026-05-07T00:28:50.038Z] 
[2026-05-07T00:28:50.039Z] ➜  Local:   http://localhost:5173/
[2026-05-07T00:28:50.041Z] ➜  Network: http://169.254.0.21:5173/
[2026-05-07T00:28:50.164Z] (!) Failed to run dependency scan. Skipping dependency pre-bundling. Error: The following dependencies are imported but could not be resolved:
[2026-05-07T00:28:50.165Z] 
[2026-05-07T00:28:50.165Z] @emotion/is-prop-valid (imported by /home/ubuntu/sgr-design/assets/index-DI9-Lv4v.js)
[2026-05-07T00:28:50.165Z] 
[2026-05-07T00:28:50.166Z] Are they installed?
[2026-05-07T00:28:50.166Z] at file:///home/ubuntu/sgr-design/node_modules/.pnpm/vite@7.1.9_@types+node@24.7.0_jiti@2.6.1_lightningcss@1.30.1_tsx@4.20.6/node_modules/vite/dist/node/chunks/dep-Chhhsdoe.js:10939:33
[2026-05-07T00:28:50.166Z] at process.processTicksAndRejections (node:internal/process/task_queues:105:5)
[2026-05-07T00:28:50.167Z] at async file:///home/ubuntu/sgr-design/node_modules/.pnpm/vite@7.1.9_@types+node@24.7.0_jiti@2.6.1_lightningcss@1.30.1_tsx@4.20.6/node_modules/vite/dist/node/chunks/dep-Chhhsdoe.js:34464:15
[2026-05-07T00:28:54.329Z] 8:28:54 PM [vite] (client) page reload client/index.html
[2026-05-07T00:28:54.345Z] 8:28:54 PM [vite] (client) page reload index.html
[2026-05-07T00:28:54.428Z] 8:28:54 PM [vite] (client) page reload client/index.html
[2026-05-07T00:31:20.261Z] 8:31:20 PM [vite] changed tsconfig file detected: /home/ubuntu/sgr-design/tsconfig.json - Clearing cache and forcing full-reload to ensure TypeScript is compiled with updated config values.
[2026-05-07T00:31:20.263Z] 8:31:20 PM [vite] changed tsconfig file detected: /home/ubuntu/sgr-design/tsconfig.json - Clearing cache and forcing full-reload to ensure TypeScript is compiled with updated config values.
[2026-05-07T00:32:56.871Z] 8:32:56 PM [vite] (client) page reload client/index.html
[2026-05-07T00:32:56.876Z] 8:32:56 PM [vite] (client) page reload client/index.html
[2026-05-07T00:33:17.986Z] 8:33:17 PM [vite] (client) page reload index.html
[2026-05-07T20:57:36.296Z] 4:57:36 PM [vite] (client) page reload client/index.html
[2026-05-07T20:59:24.461Z] 4:59:24 PM [vite] (client) page reload index.html
[2026-05-07T21:13:52.488Z] 5:13:52 PM [vite] changed tsconfig file detected: /home/ubuntu/sgr-design/tsconfig.json - Clearing cache and forcing full-reload to ensure TypeScript is compiled with updated config values.
[2026-05-07T21:13:52.490Z] 5:13:52 PM [vite] (client) page reload client/index.html
